<?xml version="1.0" encoding="UTF-8"?>
<robot generator="Robot 3.2.1 (Python 3.8.3 on darwin)" generated="20210114 11:43:13.474" rpa="false">
<suite id="s1" name="Tests" source="/Users/gabriela/Documents/robot_scrapy/tests">
<suite id="s1-s1" name="AutoExtract Sign Up" source="/Users/gabriela/Documents/robot_scrapy/tests/AutoExtract_Sign_Up.robot">
<test id="s1-s1-t1" name="AutoExtract Sign Up: Page Layout">
<kw name="Set Test Variable" library="BuiltIn" type="setup">
<doc>Makes a variable available everywhere within the scope of the current test.</doc>
<arguments>
<arg>${passed}</arg>
<arg>${FALSE}</arg>
</arguments>
<msg timestamp="20210114 11:43:13.549" level="INFO">${passed} = False</msg>
<status status="PASS" starttime="20210114 11:43:13.547" endtime="20210114 11:43:13.549"></status>
</kw>
<kw name="Log" library="BuiltIn">
<doc>Logs the given message with the given level.</doc>
<arguments>
<arg>Not Executed</arg>
</arguments>
<msg timestamp="20210114 11:43:13.550" level="INFO">Not Executed</msg>
<status status="PASS" starttime="20210114 11:43:13.549" endtime="20210114 11:43:13.550"></status>
</kw>
<kw name="Should Be True" library="BuiltIn" type="teardown">
<doc>Fails if the given condition is not true.</doc>
<arguments>
<arg>${passed}</arg>
</arguments>
<msg timestamp="20210114 11:43:13.553" level="FAIL">'False' should be true.</msg>
<status status="FAIL" starttime="20210114 11:43:13.551" endtime="20210114 11:43:13.553">'False' should be true.</status>
</kw>
<tags>
<tag>manual</tag>
<tag>Not Executed</tag>
<tag>PRODUCTQA-3150</tag>
</tags>
<status status="FAIL" starttime="20210114 11:43:13.540" endtime="20210114 11:43:13.559" critical="yes">Teardown failed:
'False' should be true.</status>
</test>
<test id="s1-s1-t2" name="AutoExtract Sign Up: Form fields validations">
<kw name="Set Test Variable" library="BuiltIn" type="setup">
<doc>Makes a variable available everywhere within the scope of the current test.</doc>
<arguments>
<arg>${passed}</arg>
<arg>${FALSE}</arg>
</arguments>
<msg timestamp="20210114 11:43:13.563" level="INFO">${passed} = False</msg>
<status status="PASS" starttime="20210114 11:43:13.561" endtime="20210114 11:43:13.563"></status>
</kw>
<kw name="Log" library="BuiltIn">
<doc>Logs the given message with the given level.</doc>
<arguments>
<arg>Not Executed</arg>
</arguments>
<msg timestamp="20210114 11:43:13.564" level="INFO">Not Executed</msg>
<status status="PASS" starttime="20210114 11:43:13.564" endtime="20210114 11:43:13.564"></status>
</kw>
<kw name="Should Be True" library="BuiltIn" type="teardown">
<doc>Fails if the given condition is not true.</doc>
<arguments>
<arg>${passed}</arg>
</arguments>
<msg timestamp="20210114 11:43:13.565" level="FAIL">'False' should be true.</msg>
<status status="FAIL" starttime="20210114 11:43:13.565" endtime="20210114 11:43:13.565">'False' should be true.</status>
</kw>
<tags>
<tag>manual</tag>
<tag>Not Executed</tag>
<tag>PRODUCTQA-3152</tag>
</tags>
<status status="FAIL" starttime="20210114 11:43:13.560" endtime="20210114 11:43:13.565" critical="yes">Teardown failed:
'False' should be true.</status>
</test>
<test id="s1-s1-t3" name="AutoExtract Sign Up: Checkbox Terms Of Services is mandatory">
<kw name="Set Test Variable" library="BuiltIn" type="setup">
<doc>Makes a variable available everywhere within the scope of the current test.</doc>
<arguments>
<arg>${passed}</arg>
<arg>${FALSE}</arg>
</arguments>
<msg timestamp="20210114 11:43:13.571" level="INFO">${passed} = False</msg>
<status status="PASS" starttime="20210114 11:43:13.568" endtime="20210114 11:43:13.571"></status>
</kw>
<kw name="Log" library="BuiltIn">
<doc>Logs the given message with the given level.</doc>
<arguments>
<arg>Not Executed</arg>
</arguments>
<msg timestamp="20210114 11:43:13.572" level="INFO">Not Executed</msg>
<status status="PASS" starttime="20210114 11:43:13.571" endtime="20210114 11:43:13.572"></status>
</kw>
<kw name="Should Be True" library="BuiltIn" type="teardown">
<doc>Fails if the given condition is not true.</doc>
<arguments>
<arg>${passed}</arg>
</arguments>
<msg timestamp="20210114 11:43:13.580" level="FAIL">'False' should be true.</msg>
<status status="FAIL" starttime="20210114 11:43:13.573" endtime="20210114 11:43:13.580">'False' should be true.</status>
</kw>
<tags>
<tag>manual</tag>
<tag>Not Executed</tag>
<tag>PRODUCTQA-3154</tag>
</tags>
<status status="FAIL" starttime="20210114 11:43:13.566" endtime="20210114 11:43:13.580" critical="yes">Teardown failed:
'False' should be true.</status>
</test>
<test id="s1-s1-t4" name="AutoExtract Sign Up: Mail was already in the system">
<kw name="Set Test Variable" library="BuiltIn" type="setup">
<doc>Makes a variable available everywhere within the scope of the current test.</doc>
<arguments>
<arg>${passed}</arg>
<arg>${FALSE}</arg>
</arguments>
<msg timestamp="20210114 11:43:13.600" level="INFO">${passed} = False</msg>
<status status="PASS" starttime="20210114 11:43:13.589" endtime="20210114 11:43:13.614"></status>
</kw>
<kw name="Log" library="BuiltIn">
<doc>Logs the given message with the given level.</doc>
<arguments>
<arg>Not Executed</arg>
</arguments>
<msg timestamp="20210114 11:43:13.615" level="INFO">Not Executed</msg>
<status status="PASS" starttime="20210114 11:43:13.615" endtime="20210114 11:43:13.615"></status>
</kw>
<kw name="Should Be True" library="BuiltIn" type="teardown">
<doc>Fails if the given condition is not true.</doc>
<arguments>
<arg>${passed}</arg>
</arguments>
<msg timestamp="20210114 11:43:13.630" level="FAIL">'False' should be true.</msg>
<status status="FAIL" starttime="20210114 11:43:13.629" endtime="20210114 11:43:13.630">'False' should be true.</status>
</kw>
<tags>
<tag>manual</tag>
<tag>Not Executed</tag>
<tag>PRODUCTQA-3155</tag>
</tags>
<status status="FAIL" starttime="20210114 11:43:13.582" endtime="20210114 11:43:13.631" critical="yes">Teardown failed:
'False' should be true.</status>
</test>
<test id="s1-s1-t5" name="AutoExtract Sign Up: Successful sign up">
<kw name="Set Test Variable" library="BuiltIn" type="setup">
<doc>Makes a variable available everywhere within the scope of the current test.</doc>
<arguments>
<arg>${passed}</arg>
<arg>${FALSE}</arg>
</arguments>
<msg timestamp="20210114 11:43:13.652" level="INFO">${passed} = False</msg>
<status status="PASS" starttime="20210114 11:43:13.646" endtime="20210114 11:43:13.652"></status>
</kw>
<kw name="Log" library="BuiltIn">
<doc>Logs the given message with the given level.</doc>
<arguments>
<arg>Not Executed</arg>
</arguments>
<msg timestamp="20210114 11:43:13.654" level="INFO">Not Executed</msg>
<status status="PASS" starttime="20210114 11:43:13.654" endtime="20210114 11:43:13.654"></status>
</kw>
<kw name="Should Be True" library="BuiltIn" type="teardown">
<doc>Fails if the given condition is not true.</doc>
<arguments>
<arg>${passed}</arg>
</arguments>
<msg timestamp="20210114 11:43:13.656" level="FAIL">'False' should be true.</msg>
<status status="FAIL" starttime="20210114 11:43:13.655" endtime="20210114 11:43:13.656">'False' should be true.</status>
</kw>
<tags>
<tag>manual</tag>
<tag>Not Executed</tag>
<tag>PRODUCTQA-3156</tag>
</tags>
<status status="FAIL" starttime="20210114 11:43:13.632" endtime="20210114 11:43:13.657" critical="yes">Teardown failed:
'False' should be true.</status>
</test>
<test id="s1-s1-t6" name="AutoExtract Sign Up: SSO google successful">
<kw name="Set Test Variable" library="BuiltIn" type="setup">
<doc>Makes a variable available everywhere within the scope of the current test.</doc>
<arguments>
<arg>${passed}</arg>
<arg>${FALSE}</arg>
</arguments>
<msg timestamp="20210114 11:43:13.661" level="INFO">${passed} = False</msg>
<status status="PASS" starttime="20210114 11:43:13.660" endtime="20210114 11:43:13.662"></status>
</kw>
<kw name="Log" library="BuiltIn">
<doc>Logs the given message with the given level.</doc>
<arguments>
<arg>Not Executed</arg>
</arguments>
<msg timestamp="20210114 11:43:13.662" level="INFO">Not Executed</msg>
<status status="PASS" starttime="20210114 11:43:13.662" endtime="20210114 11:43:13.662"></status>
</kw>
<kw name="Should Be True" library="BuiltIn" type="teardown">
<doc>Fails if the given condition is not true.</doc>
<arguments>
<arg>${passed}</arg>
</arguments>
<msg timestamp="20210114 11:43:13.664" level="FAIL">'False' should be true.</msg>
<status status="FAIL" starttime="20210114 11:43:13.663" endtime="20210114 11:43:13.664">'False' should be true.</status>
</kw>
<tags>
<tag>manual</tag>
<tag>Not Executed</tag>
<tag>PRODUCTQA-3161</tag>
</tags>
<status status="FAIL" starttime="20210114 11:43:13.659" endtime="20210114 11:43:13.664" critical="yes">Teardown failed:
'False' should be true.</status>
</test>
<test id="s1-s1-t7" name="AutoExtract Sign Up: SSO Google -&gt; Existing account">
<kw name="Set Test Variable" library="BuiltIn" type="setup">
<doc>Makes a variable available everywhere within the scope of the current test.</doc>
<arguments>
<arg>${passed}</arg>
<arg>${FALSE}</arg>
</arguments>
<msg timestamp="20210114 11:43:13.679" level="INFO">${passed} = False</msg>
<status status="PASS" starttime="20210114 11:43:13.678" endtime="20210114 11:43:13.680"></status>
</kw>
<kw name="Log" library="BuiltIn">
<doc>Logs the given message with the given level.</doc>
<arguments>
<arg>Not Executed</arg>
</arguments>
<msg timestamp="20210114 11:43:13.680" level="INFO">Not Executed</msg>
<status status="PASS" starttime="20210114 11:43:13.680" endtime="20210114 11:43:13.680"></status>
</kw>
<kw name="Should Be True" library="BuiltIn" type="teardown">
<doc>Fails if the given condition is not true.</doc>
<arguments>
<arg>${passed}</arg>
</arguments>
<msg timestamp="20210114 11:43:13.689" level="FAIL">'False' should be true.</msg>
<status status="FAIL" starttime="20210114 11:43:13.688" endtime="20210114 11:43:13.689">'False' should be true.</status>
</kw>
<tags>
<tag>manual</tag>
<tag>Not Executed</tag>
<tag>PRODUCTQA-3164</tag>
</tags>
<status status="FAIL" starttime="20210114 11:43:13.677" endtime="20210114 11:43:13.691" critical="yes">Teardown failed:
'False' should be true.</status>
</test>
<test id="s1-s1-t8" name="AutoExtract Sign Up: SSO Google -&gt; Existing account is already subscribed to product">
<kw name="Set Test Variable" library="BuiltIn" type="setup">
<doc>Makes a variable available everywhere within the scope of the current test.</doc>
<arguments>
<arg>${passed}</arg>
<arg>${FALSE}</arg>
</arguments>
<msg timestamp="20210114 11:43:13.698" level="INFO">${passed} = False</msg>
<status status="PASS" starttime="20210114 11:43:13.694" endtime="20210114 11:43:13.698"></status>
</kw>
<kw name="Log" library="BuiltIn">
<doc>Logs the given message with the given level.</doc>
<arguments>
<arg>Not Executed</arg>
</arguments>
<msg timestamp="20210114 11:43:13.699" level="INFO">Not Executed</msg>
<status status="PASS" starttime="20210114 11:43:13.699" endtime="20210114 11:43:13.699"></status>
</kw>
<kw name="Should Be True" library="BuiltIn" type="teardown">
<doc>Fails if the given condition is not true.</doc>
<arguments>
<arg>${passed}</arg>
</arguments>
<msg timestamp="20210114 11:43:13.710" level="FAIL">'False' should be true.</msg>
<status status="FAIL" starttime="20210114 11:43:13.701" endtime="20210114 11:43:13.710">'False' should be true.</status>
</kw>
<tags>
<tag>manual</tag>
<tag>Not Executed</tag>
<tag>PRODUCTQA-3165</tag>
</tags>
<status status="FAIL" starttime="20210114 11:43:13.693" endtime="20210114 11:43:13.710" critical="yes">Teardown failed:
'False' should be true.</status>
</test>
<test id="s1-s1-t9" name="AutoExtract Sign Up: SSO Google -&gt; Existing account was subscribed to product but now is suspended and has an active subscription">
<kw name="Set Test Variable" library="BuiltIn" type="setup">
<doc>Makes a variable available everywhere within the scope of the current test.</doc>
<arguments>
<arg>${passed}</arg>
<arg>${FALSE}</arg>
</arguments>
<msg timestamp="20210114 11:43:13.715" level="INFO">${passed} = False</msg>
<status status="PASS" starttime="20210114 11:43:13.712" endtime="20210114 11:43:13.715"></status>
</kw>
<kw name="Log" library="BuiltIn">
<doc>Logs the given message with the given level.</doc>
<arguments>
<arg>Not Executed</arg>
</arguments>
<msg timestamp="20210114 11:43:13.717" level="INFO">Not Executed</msg>
<status status="PASS" starttime="20210114 11:43:13.716" endtime="20210114 11:43:13.718"></status>
</kw>
<kw name="Should Be True" library="BuiltIn" type="teardown">
<doc>Fails if the given condition is not true.</doc>
<arguments>
<arg>${passed}</arg>
</arguments>
<msg timestamp="20210114 11:43:13.719" level="FAIL">'False' should be true.</msg>
<status status="FAIL" starttime="20210114 11:43:13.718" endtime="20210114 11:43:13.719">'False' should be true.</status>
</kw>
<tags>
<tag>manual</tag>
<tag>Not Executed</tag>
<tag>PRODUCTQA-3166</tag>
</tags>
<status status="FAIL" starttime="20210114 11:43:13.711" endtime="20210114 11:43:13.720" critical="yes">Teardown failed:
'False' should be true.</status>
</test>
<test id="s1-s1-t10" name="AutoExtract Sign Up: SSO Google -&gt; Existing account was subscribed to product but now is suspended (no other susbscriptions)">
<kw name="Set Test Variable" library="BuiltIn" type="setup">
<doc>Makes a variable available everywhere within the scope of the current test.</doc>
<arguments>
<arg>${passed}</arg>
<arg>${FALSE}</arg>
</arguments>
<msg timestamp="20210114 11:43:13.726" level="INFO">${passed} = False</msg>
<status status="PASS" starttime="20210114 11:43:13.724" endtime="20210114 11:43:13.726"></status>
</kw>
<kw name="Log" library="BuiltIn">
<doc>Logs the given message with the given level.</doc>
<arguments>
<arg>Not Executed</arg>
</arguments>
<msg timestamp="20210114 11:43:13.727" level="INFO">Not Executed</msg>
<status status="PASS" starttime="20210114 11:43:13.727" endtime="20210114 11:43:13.728"></status>
</kw>
<kw name="Should Be True" library="BuiltIn" type="teardown">
<doc>Fails if the given condition is not true.</doc>
<arguments>
<arg>${passed}</arg>
</arguments>
<msg timestamp="20210114 11:43:13.729" level="FAIL">'False' should be true.</msg>
<status status="FAIL" starttime="20210114 11:43:13.728" endtime="20210114 11:43:13.729">'False' should be true.</status>
</kw>
<tags>
<tag>manual</tag>
<tag>Not Executed</tag>
<tag>PRODUCTQA-3167</tag>
</tags>
<status status="FAIL" starttime="20210114 11:43:13.720" endtime="20210114 11:43:13.730" critical="yes">Teardown failed:
'False' should be true.</status>
</test>
<test id="s1-s1-t11" name="AutoExtract Sign Up: SSO GitHub successful">
<kw name="Set Test Variable" library="BuiltIn" type="setup">
<doc>Makes a variable available everywhere within the scope of the current test.</doc>
<arguments>
<arg>${passed}</arg>
<arg>${FALSE}</arg>
</arguments>
<msg timestamp="20210114 11:43:13.733" level="INFO">${passed} = False</msg>
<status status="PASS" starttime="20210114 11:43:13.732" endtime="20210114 11:43:13.733"></status>
</kw>
<kw name="Log" library="BuiltIn">
<doc>Logs the given message with the given level.</doc>
<arguments>
<arg>Not Executed</arg>
</arguments>
<msg timestamp="20210114 11:43:13.735" level="INFO">Not Executed</msg>
<status status="PASS" starttime="20210114 11:43:13.734" endtime="20210114 11:43:13.735"></status>
</kw>
<kw name="Should Be True" library="BuiltIn" type="teardown">
<doc>Fails if the given condition is not true.</doc>
<arguments>
<arg>${passed}</arg>
</arguments>
<msg timestamp="20210114 11:43:13.736" level="FAIL">'False' should be true.</msg>
<status status="FAIL" starttime="20210114 11:43:13.735" endtime="20210114 11:43:13.736">'False' should be true.</status>
</kw>
<tags>
<tag>manual</tag>
<tag>Not Executed</tag>
<tag>PRODUCTQA-3171</tag>
</tags>
<status status="FAIL" starttime="20210114 11:43:13.731" endtime="20210114 11:43:13.736" critical="yes">Teardown failed:
'False' should be true.</status>
</test>
<test id="s1-s1-t12" name="AutoExtract Sign Up: SSO GitHub -&gt; Existing account">
<kw name="Set Test Variable" library="BuiltIn" type="setup">
<doc>Makes a variable available everywhere within the scope of the current test.</doc>
<arguments>
<arg>${passed}</arg>
<arg>${FALSE}</arg>
</arguments>
<msg timestamp="20210114 11:43:13.745" level="INFO">${passed} = False</msg>
<status status="PASS" starttime="20210114 11:43:13.743" endtime="20210114 11:43:13.746"></status>
</kw>
<kw name="Log" library="BuiltIn">
<doc>Logs the given message with the given level.</doc>
<arguments>
<arg>Not Executed</arg>
</arguments>
<msg timestamp="20210114 11:43:13.747" level="INFO">Not Executed</msg>
<status status="PASS" starttime="20210114 11:43:13.747" endtime="20210114 11:43:13.747"></status>
</kw>
<kw name="Should Be True" library="BuiltIn" type="teardown">
<doc>Fails if the given condition is not true.</doc>
<arguments>
<arg>${passed}</arg>
</arguments>
<msg timestamp="20210114 11:43:13.749" level="FAIL">'False' should be true.</msg>
<status status="FAIL" starttime="20210114 11:43:13.748" endtime="20210114 11:43:13.750">'False' should be true.</status>
</kw>
<tags>
<tag>manual</tag>
<tag>Not Executed</tag>
<tag>PRODUCTQA-3174</tag>
</tags>
<status status="FAIL" starttime="20210114 11:43:13.741" endtime="20210114 11:43:13.751" critical="yes">Teardown failed:
'False' should be true.</status>
</test>
<test id="s1-s1-t13" name="AutoExtract Sign Up: SSO GitHub -&gt; Existing account is already subscribed to product">
<kw name="Set Test Variable" library="BuiltIn" type="setup">
<doc>Makes a variable available everywhere within the scope of the current test.</doc>
<arguments>
<arg>${passed}</arg>
<arg>${FALSE}</arg>
</arguments>
<msg timestamp="20210114 11:43:13.757" level="INFO">${passed} = False</msg>
<status status="PASS" starttime="20210114 11:43:13.756" endtime="20210114 11:43:13.758"></status>
</kw>
<kw name="Log" library="BuiltIn">
<doc>Logs the given message with the given level.</doc>
<arguments>
<arg>Not Executed</arg>
</arguments>
<msg timestamp="20210114 11:43:13.758" level="INFO">Not Executed</msg>
<status status="PASS" starttime="20210114 11:43:13.758" endtime="20210114 11:43:13.758"></status>
</kw>
<kw name="Should Be True" library="BuiltIn" type="teardown">
<doc>Fails if the given condition is not true.</doc>
<arguments>
<arg>${passed}</arg>
</arguments>
<msg timestamp="20210114 11:43:13.760" level="FAIL">'False' should be true.</msg>
<status status="FAIL" starttime="20210114 11:43:13.759" endtime="20210114 11:43:13.760">'False' should be true.</status>
</kw>
<tags>
<tag>manual</tag>
<tag>Not Executed</tag>
<tag>PRODUCTQA-3175</tag>
</tags>
<status status="FAIL" starttime="20210114 11:43:13.751" endtime="20210114 11:43:13.760" critical="yes">Teardown failed:
'False' should be true.</status>
</test>
<test id="s1-s1-t14" name="AutoExtract Sign Up: SSO GitHub -&gt; Existing account was subscribed to product but now is suspended and has an active subscription">
<kw name="Set Test Variable" library="BuiltIn" type="setup">
<doc>Makes a variable available everywhere within the scope of the current test.</doc>
<arguments>
<arg>${passed}</arg>
<arg>${FALSE}</arg>
</arguments>
<msg timestamp="20210114 11:43:13.766" level="INFO">${passed} = False</msg>
<status status="PASS" starttime="20210114 11:43:13.763" endtime="20210114 11:43:13.766"></status>
</kw>
<kw name="Log" library="BuiltIn">
<doc>Logs the given message with the given level.</doc>
<arguments>
<arg>Not Executed</arg>
</arguments>
<msg timestamp="20210114 11:43:13.767" level="INFO">Not Executed</msg>
<status status="PASS" starttime="20210114 11:43:13.767" endtime="20210114 11:43:13.767"></status>
</kw>
<kw name="Should Be True" library="BuiltIn" type="teardown">
<doc>Fails if the given condition is not true.</doc>
<arguments>
<arg>${passed}</arg>
</arguments>
<msg timestamp="20210114 11:43:13.770" level="FAIL">'False' should be true.</msg>
<status status="FAIL" starttime="20210114 11:43:13.768" endtime="20210114 11:43:13.771">'False' should be true.</status>
</kw>
<tags>
<tag>manual</tag>
<tag>Not Executed</tag>
<tag>PRODUCTQA-3176</tag>
</tags>
<status status="FAIL" starttime="20210114 11:43:13.760" endtime="20210114 11:43:13.772" critical="yes">Teardown failed:
'False' should be true.</status>
</test>
<test id="s1-s1-t15" name="AutoExtract Sign Up: SSO GitHub -&gt; Existing account was subscribed to product but now is suspended (no other susbscriptions)">
<kw name="Set Test Variable" library="BuiltIn" type="setup">
<doc>Makes a variable available everywhere within the scope of the current test.</doc>
<arguments>
<arg>${passed}</arg>
<arg>${FALSE}</arg>
</arguments>
<msg timestamp="20210114 11:43:13.779" level="INFO">${passed} = False</msg>
<status status="PASS" starttime="20210114 11:43:13.776" endtime="20210114 11:43:13.779"></status>
</kw>
<kw name="Log" library="BuiltIn">
<doc>Logs the given message with the given level.</doc>
<arguments>
<arg>Not Executed</arg>
</arguments>
<msg timestamp="20210114 11:43:13.780" level="INFO">Not Executed</msg>
<status status="PASS" starttime="20210114 11:43:13.780" endtime="20210114 11:43:13.780"></status>
</kw>
<kw name="Should Be True" library="BuiltIn" type="teardown">
<doc>Fails if the given condition is not true.</doc>
<arguments>
<arg>${passed}</arg>
</arguments>
<msg timestamp="20210114 11:43:13.781" level="FAIL">'False' should be true.</msg>
<status status="FAIL" starttime="20210114 11:43:13.780" endtime="20210114 11:43:13.781">'False' should be true.</status>
</kw>
<tags>
<tag>manual</tag>
<tag>Not Executed</tag>
<tag>PRODUCTQA-3177</tag>
</tags>
<status status="FAIL" starttime="20210114 11:43:13.773" endtime="20210114 11:43:13.781" critical="yes">Teardown failed:
'False' should be true.</status>
</test>
<test id="s1-s1-t16" name="AutoExtract Sign Up: Password policy">
<kw name="Set Test Variable" library="BuiltIn" type="setup">
<doc>Makes a variable available everywhere within the scope of the current test.</doc>
<arguments>
<arg>${passed}</arg>
<arg>${FALSE}</arg>
</arguments>
<msg timestamp="20210114 11:43:13.784" level="INFO">${passed} = False</msg>
<status status="PASS" starttime="20210114 11:43:13.782" endtime="20210114 11:43:13.784"></status>
</kw>
<kw name="Log" library="BuiltIn">
<doc>Logs the given message with the given level.</doc>
<arguments>
<arg>Not Executed</arg>
</arguments>
<msg timestamp="20210114 11:43:13.788" level="INFO">Not Executed</msg>
<status status="PASS" starttime="20210114 11:43:13.785" endtime="20210114 11:43:13.788"></status>
</kw>
<kw name="Should Be True" library="BuiltIn" type="teardown">
<doc>Fails if the given condition is not true.</doc>
<arguments>
<arg>${passed}</arg>
</arguments>
<msg timestamp="20210114 11:43:13.789" level="FAIL">'False' should be true.</msg>
<status status="FAIL" starttime="20210114 11:43:13.789" endtime="20210114 11:43:13.789">'False' should be true.</status>
</kw>
<tags>
<tag>manual</tag>
<tag>Not Executed</tag>
<tag>PRODUCTQA-3153</tag>
</tags>
<status status="FAIL" starttime="20210114 11:43:13.781" endtime="20210114 11:43:13.789" critical="yes">Teardown failed:
'False' should be true.</status>
</test>
<test id="s1-s1-t17" name="AutoExtract Sign Up: Link to Sign In">
<kw name="Set Test Variable" library="BuiltIn" type="setup">
<doc>Makes a variable available everywhere within the scope of the current test.</doc>
<arguments>
<arg>${passed}</arg>
<arg>${FALSE}</arg>
</arguments>
<msg timestamp="20210114 11:43:13.806" level="INFO">${passed} = False</msg>
<status status="PASS" starttime="20210114 11:43:13.804" endtime="20210114 11:43:13.806"></status>
</kw>
<kw name="Log" library="BuiltIn">
<doc>Logs the given message with the given level.</doc>
<arguments>
<arg>Not Executed</arg>
</arguments>
<msg timestamp="20210114 11:43:13.807" level="INFO">Not Executed</msg>
<status status="PASS" starttime="20210114 11:43:13.807" endtime="20210114 11:43:13.807"></status>
</kw>
<kw name="Should Be True" library="BuiltIn" type="teardown">
<doc>Fails if the given condition is not true.</doc>
<arguments>
<arg>${passed}</arg>
</arguments>
<msg timestamp="20210114 11:43:13.808" level="FAIL">'False' should be true.</msg>
<status status="FAIL" starttime="20210114 11:43:13.807" endtime="20210114 11:43:13.808">'False' should be true.</status>
</kw>
<tags>
<tag>manual</tag>
<tag>Not Executed</tag>
<tag>PRODUCTQA-3157</tag>
</tags>
<status status="FAIL" starttime="20210114 11:43:13.798" endtime="20210114 11:43:13.808" critical="yes">Teardown failed:
'False' should be true.</status>
</test>
<test id="s1-s1-t18" name="AutoExtract Sign Up: Successful sign up, if we don't confirm our mail we cannot log in">
<kw name="Set Test Variable" library="BuiltIn" type="setup">
<doc>Makes a variable available everywhere within the scope of the current test.</doc>
<arguments>
<arg>${passed}</arg>
<arg>${FALSE}</arg>
</arguments>
<msg timestamp="20210114 11:43:13.814" level="INFO">${passed} = False</msg>
<status status="PASS" starttime="20210114 11:43:13.811" endtime="20210114 11:43:13.815"></status>
</kw>
<kw name="Log" library="BuiltIn">
<doc>Logs the given message with the given level.</doc>
<arguments>
<arg>Not Executed</arg>
</arguments>
<msg timestamp="20210114 11:43:13.816" level="INFO">Not Executed</msg>
<status status="PASS" starttime="20210114 11:43:13.815" endtime="20210114 11:43:13.816"></status>
</kw>
<kw name="Should Be True" library="BuiltIn" type="teardown">
<doc>Fails if the given condition is not true.</doc>
<arguments>
<arg>${passed}</arg>
</arguments>
<msg timestamp="20210114 11:43:13.821" level="FAIL">'False' should be true.</msg>
<status status="FAIL" starttime="20210114 11:43:13.820" endtime="20210114 11:43:13.822">'False' should be true.</status>
</kw>
<tags>
<tag>manual</tag>
<tag>Not Executed</tag>
<tag>PRODUCTQA-3158</tag>
</tags>
<status status="FAIL" starttime="20210114 11:43:13.810" endtime="20210114 11:43:13.822" critical="yes">Teardown failed:
'False' should be true.</status>
</test>
<test id="s1-s1-t19" name="AutoExtract Sign Up: Recover password link">
<kw name="Set Test Variable" library="BuiltIn" type="setup">
<doc>Makes a variable available everywhere within the scope of the current test.</doc>
<arguments>
<arg>${passed}</arg>
<arg>${FALSE}</arg>
</arguments>
<msg timestamp="20210114 11:43:13.830" level="INFO">${passed} = False</msg>
<status status="PASS" starttime="20210114 11:43:13.824" endtime="20210114 11:43:13.832"></status>
</kw>
<kw name="Log" library="BuiltIn">
<doc>Logs the given message with the given level.</doc>
<arguments>
<arg>Not Executed</arg>
</arguments>
<msg timestamp="20210114 11:43:13.836" level="INFO">Not Executed</msg>
<status status="PASS" starttime="20210114 11:43:13.833" endtime="20210114 11:43:13.836"></status>
</kw>
<kw name="Should Be True" library="BuiltIn" type="teardown">
<doc>Fails if the given condition is not true.</doc>
<arguments>
<arg>${passed}</arg>
</arguments>
<msg timestamp="20210114 11:43:13.838" level="FAIL">'False' should be true.</msg>
<status status="FAIL" starttime="20210114 11:43:13.837" endtime="20210114 11:43:13.838">'False' should be true.</status>
</kw>
<tags>
<tag>manual</tag>
<tag>Not Executed</tag>
<tag>PRODUCTQA-3159</tag>
</tags>
<status status="FAIL" starttime="20210114 11:43:13.823" endtime="20210114 11:43:13.838" critical="yes">Teardown failed:
'False' should be true.</status>
</test>
<test id="s1-s1-t20" name="AutoExtract Sign Up: Validation link expires">
<kw name="Set Test Variable" library="BuiltIn" type="setup">
<doc>Makes a variable available everywhere within the scope of the current test.</doc>
<arguments>
<arg>${passed}</arg>
<arg>${FALSE}</arg>
</arguments>
<msg timestamp="20210114 11:43:13.846" level="INFO">${passed} = False</msg>
<status status="PASS" starttime="20210114 11:43:13.841" endtime="20210114 11:43:13.846"></status>
</kw>
<kw name="Log" library="BuiltIn">
<doc>Logs the given message with the given level.</doc>
<arguments>
<arg>Not Executed</arg>
</arguments>
<msg timestamp="20210114 11:43:13.847" level="INFO">Not Executed</msg>
<status status="PASS" starttime="20210114 11:43:13.846" endtime="20210114 11:43:13.847"></status>
</kw>
<kw name="Should Be True" library="BuiltIn" type="teardown">
<doc>Fails if the given condition is not true.</doc>
<arguments>
<arg>${passed}</arg>
</arguments>
<msg timestamp="20210114 11:43:13.852" level="FAIL">'False' should be true.</msg>
<status status="FAIL" starttime="20210114 11:43:13.848" endtime="20210114 11:43:13.853">'False' should be true.</status>
</kw>
<tags>
<tag>manual</tag>
<tag>Not Executed</tag>
<tag>PRODUCTQA-3160</tag>
</tags>
<status status="FAIL" starttime="20210114 11:43:13.839" endtime="20210114 11:43:13.853" critical="yes">Teardown failed:
'False' should be true.</status>
</test>
<test id="s1-s1-t21" name="AutoExtract Sign Up: SSO google -&gt; Terms of Services checkbox is mandatory">
<kw name="Set Test Variable" library="BuiltIn" type="setup">
<doc>Makes a variable available everywhere within the scope of the current test.</doc>
<arguments>
<arg>${passed}</arg>
<arg>${FALSE}</arg>
</arguments>
<msg timestamp="20210114 11:43:13.863" level="INFO">${passed} = False</msg>
<status status="PASS" starttime="20210114 11:43:13.862" endtime="20210114 11:43:13.864"></status>
</kw>
<kw name="Log" library="BuiltIn">
<doc>Logs the given message with the given level.</doc>
<arguments>
<arg>Not Executed</arg>
</arguments>
<msg timestamp="20210114 11:43:13.864" level="INFO">Not Executed</msg>
<status status="PASS" starttime="20210114 11:43:13.864" endtime="20210114 11:43:13.865"></status>
</kw>
<kw name="Should Be True" library="BuiltIn" type="teardown">
<doc>Fails if the given condition is not true.</doc>
<arguments>
<arg>${passed}</arg>
</arguments>
<msg timestamp="20210114 11:43:13.866" level="FAIL">'False' should be true.</msg>
<status status="FAIL" starttime="20210114 11:43:13.865" endtime="20210114 11:43:13.867">'False' should be true.</status>
</kw>
<tags>
<tag>manual</tag>
<tag>Not Executed</tag>
<tag>PRODUCTQA-3162</tag>
</tags>
<status status="FAIL" starttime="20210114 11:43:13.855" endtime="20210114 11:43:13.867" critical="yes">Teardown failed:
'False' should be true.</status>
</test>
<test id="s1-s1-t22" name="AutoExtract Sign Up: SSO google successful -&gt; Commercial mails checkbox not mandatory">
<kw name="Set Test Variable" library="BuiltIn" type="setup">
<doc>Makes a variable available everywhere within the scope of the current test.</doc>
<arguments>
<arg>${passed}</arg>
<arg>${FALSE}</arg>
</arguments>
<msg timestamp="20210114 11:43:13.872" level="INFO">${passed} = False</msg>
<status status="PASS" starttime="20210114 11:43:13.870" endtime="20210114 11:43:13.872"></status>
</kw>
<kw name="Log" library="BuiltIn">
<doc>Logs the given message with the given level.</doc>
<arguments>
<arg>Not Executed</arg>
</arguments>
<msg timestamp="20210114 11:43:13.876" level="INFO">Not Executed</msg>
<status status="PASS" starttime="20210114 11:43:13.875" endtime="20210114 11:43:13.876"></status>
</kw>
<kw name="Should Be True" library="BuiltIn" type="teardown">
<doc>Fails if the given condition is not true.</doc>
<arguments>
<arg>${passed}</arg>
</arguments>
<msg timestamp="20210114 11:43:13.877" level="FAIL">'False' should be true.</msg>
<status status="FAIL" starttime="20210114 11:43:13.876" endtime="20210114 11:43:13.877">'False' should be true.</status>
</kw>
<tags>
<tag>manual</tag>
<tag>Not Executed</tag>
<tag>PRODUCTQA-3163</tag>
</tags>
<status status="FAIL" starttime="20210114 11:43:13.869" endtime="20210114 11:43:13.877" critical="yes">Teardown failed:
'False' should be true.</status>
</test>
<test id="s1-s1-t23" name="AutoExtract Sign Up: Terms of Service link">
<kw name="Set Test Variable" library="BuiltIn" type="setup">
<doc>Makes a variable available everywhere within the scope of the current test.</doc>
<arguments>
<arg>${passed}</arg>
<arg>${FALSE}</arg>
</arguments>
<msg timestamp="20210114 11:43:13.887" level="INFO">${passed} = False</msg>
<status status="PASS" starttime="20210114 11:43:13.886" endtime="20210114 11:43:13.888"></status>
</kw>
<kw name="Log" library="BuiltIn">
<doc>Logs the given message with the given level.</doc>
<arguments>
<arg>Not Executed</arg>
</arguments>
<msg timestamp="20210114 11:43:13.891" level="INFO">Not Executed</msg>
<status status="PASS" starttime="20210114 11:43:13.889" endtime="20210114 11:43:13.891"></status>
</kw>
<kw name="Should Be True" library="BuiltIn" type="teardown">
<doc>Fails if the given condition is not true.</doc>
<arguments>
<arg>${passed}</arg>
</arguments>
<msg timestamp="20210114 11:43:13.893" level="FAIL">'False' should be true.</msg>
<status status="FAIL" starttime="20210114 11:43:13.892" endtime="20210114 11:43:13.893">'False' should be true.</status>
</kw>
<tags>
<tag>manual</tag>
<tag>Not Executed</tag>
<tag>PRODUCTQA-3168</tag>
</tags>
<status status="FAIL" starttime="20210114 11:43:13.878" endtime="20210114 11:43:13.894" critical="yes">Teardown failed:
'False' should be true.</status>
</test>
<test id="s1-s1-t24" name="AutoExtract Sign Up: Privacy Policy link">
<kw name="Set Test Variable" library="BuiltIn" type="setup">
<doc>Makes a variable available everywhere within the scope of the current test.</doc>
<arguments>
<arg>${passed}</arg>
<arg>${FALSE}</arg>
</arguments>
<msg timestamp="20210114 11:43:13.897" level="INFO">${passed} = False</msg>
<status status="PASS" starttime="20210114 11:43:13.896" endtime="20210114 11:43:13.898"></status>
</kw>
<kw name="Log" library="BuiltIn">
<doc>Logs the given message with the given level.</doc>
<arguments>
<arg>Not Executed</arg>
</arguments>
<msg timestamp="20210114 11:43:13.899" level="INFO">Not Executed</msg>
<status status="PASS" starttime="20210114 11:43:13.898" endtime="20210114 11:43:13.899"></status>
</kw>
<kw name="Should Be True" library="BuiltIn" type="teardown">
<doc>Fails if the given condition is not true.</doc>
<arguments>
<arg>${passed}</arg>
</arguments>
<msg timestamp="20210114 11:43:13.901" level="FAIL">'False' should be true.</msg>
<status status="FAIL" starttime="20210114 11:43:13.900" endtime="20210114 11:43:13.902">'False' should be true.</status>
</kw>
<tags>
<tag>manual</tag>
<tag>Not Executed</tag>
<tag>PRODUCTQA-3169</tag>
</tags>
<status status="FAIL" starttime="20210114 11:43:13.895" endtime="20210114 11:43:13.902" critical="yes">Teardown failed:
'False' should be true.</status>
</test>
<test id="s1-s1-t25" name="AutoExtract Sign Up: Cookie Policy link">
<kw name="Set Test Variable" library="BuiltIn" type="setup">
<doc>Makes a variable available everywhere within the scope of the current test.</doc>
<arguments>
<arg>${passed}</arg>
<arg>${FALSE}</arg>
</arguments>
<msg timestamp="20210114 11:43:13.907" level="INFO">${passed} = False</msg>
<status status="PASS" starttime="20210114 11:43:13.904" endtime="20210114 11:43:13.907"></status>
</kw>
<kw name="Log" library="BuiltIn">
<doc>Logs the given message with the given level.</doc>
<arguments>
<arg>Not Executed</arg>
</arguments>
<msg timestamp="20210114 11:43:13.911" level="INFO">Not Executed</msg>
<status status="PASS" starttime="20210114 11:43:13.911" endtime="20210114 11:43:13.911"></status>
</kw>
<kw name="Should Be True" library="BuiltIn" type="teardown">
<doc>Fails if the given condition is not true.</doc>
<arguments>
<arg>${passed}</arg>
</arguments>
<msg timestamp="20210114 11:43:13.913" level="FAIL">'False' should be true.</msg>
<status status="FAIL" starttime="20210114 11:43:13.912" endtime="20210114 11:43:13.913">'False' should be true.</status>
</kw>
<tags>
<tag>manual</tag>
<tag>Not Executed</tag>
<tag>PRODUCTQA-3170</tag>
</tags>
<status status="FAIL" starttime="20210114 11:43:13.903" endtime="20210114 11:43:13.915" critical="yes">Teardown failed:
'False' should be true.</status>
</test>
<test id="s1-s1-t26" name="AutoExtract Sign Up: SSO GitHub -&gt; Terms of Services checkbox is mandatory">
<kw name="Set Test Variable" library="BuiltIn" type="setup">
<doc>Makes a variable available everywhere within the scope of the current test.</doc>
<arguments>
<arg>${passed}</arg>
<arg>${FALSE}</arg>
</arguments>
<msg timestamp="20210114 11:43:13.924" level="INFO">${passed} = False</msg>
<status status="PASS" starttime="20210114 11:43:13.921" endtime="20210114 11:43:13.924"></status>
</kw>
<kw name="Log" library="BuiltIn">
<doc>Logs the given message with the given level.</doc>
<arguments>
<arg>Not Executed</arg>
</arguments>
<msg timestamp="20210114 11:43:13.925" level="INFO">Not Executed</msg>
<status status="PASS" starttime="20210114 11:43:13.925" endtime="20210114 11:43:13.925"></status>
</kw>
<kw name="Should Be True" library="BuiltIn" type="teardown">
<doc>Fails if the given condition is not true.</doc>
<arguments>
<arg>${passed}</arg>
</arguments>
<msg timestamp="20210114 11:43:13.927" level="FAIL">'False' should be true.</msg>
<status status="FAIL" starttime="20210114 11:43:13.926" endtime="20210114 11:43:13.927">'False' should be true.</status>
</kw>
<tags>
<tag>manual</tag>
<tag>Not Executed</tag>
<tag>PRODUCTQA-3172</tag>
</tags>
<status status="FAIL" starttime="20210114 11:43:13.916" endtime="20210114 11:43:13.927" critical="yes">Teardown failed:
'False' should be true.</status>
</test>
<test id="s1-s1-t27" name="AutoExtract Sign Up: SSO GitHub successful -&gt; Commercial mails checkbox not mandatory">
<kw name="Set Test Variable" library="BuiltIn" type="setup">
<doc>Makes a variable available everywhere within the scope of the current test.</doc>
<arguments>
<arg>${passed}</arg>
<arg>${FALSE}</arg>
</arguments>
<msg timestamp="20210114 11:43:13.936" level="INFO">${passed} = False</msg>
<status status="PASS" starttime="20210114 11:43:13.934" endtime="20210114 11:43:13.936"></status>
</kw>
<kw name="Log" library="BuiltIn">
<doc>Logs the given message with the given level.</doc>
<arguments>
<arg>Not Executed</arg>
</arguments>
<msg timestamp="20210114 11:43:13.936" level="INFO">Not Executed</msg>
<status status="PASS" starttime="20210114 11:43:13.936" endtime="20210114 11:43:13.936"></status>
</kw>
<kw name="Should Be True" library="BuiltIn" type="teardown">
<doc>Fails if the given condition is not true.</doc>
<arguments>
<arg>${passed}</arg>
</arguments>
<msg timestamp="20210114 11:43:13.937" level="FAIL">'False' should be true.</msg>
<status status="FAIL" starttime="20210114 11:43:13.937" endtime="20210114 11:43:13.937">'False' should be true.</status>
</kw>
<tags>
<tag>manual</tag>
<tag>Not Executed</tag>
<tag>PRODUCTQA-3173</tag>
</tags>
<status status="FAIL" starttime="20210114 11:43:13.928" endtime="20210114 11:43:13.938" critical="yes">Teardown failed:
'False' should be true.</status>
</test>
<status status="FAIL" starttime="20210114 11:43:13.532" endtime="20210114 11:43:13.944"></status>
</suite>
<suite id="s1-s2" name="Configuration" source="/Users/gabriela/Documents/robot_scrapy/tests/Configuration.robot">
<test id="s1-s2-t1" name="Configuration: Dataset: If we update the configuration in the middle of the crawl, the new settings are not displayed until we stop the crawl">
<kw name="Set Test Variable" library="BuiltIn" type="setup">
<doc>Makes a variable available everywhere within the scope of the current test.</doc>
<arguments>
<arg>${passed}</arg>
<arg>${FALSE}</arg>
</arguments>
<msg timestamp="20210114 11:43:13.964" level="INFO">${passed} = False</msg>
<status status="PASS" starttime="20210114 11:43:13.960" endtime="20210114 11:43:13.965"></status>
</kw>
<kw name="Log" library="BuiltIn">
<doc>Logs the given message with the given level.</doc>
<arguments>
<arg>Not Executed</arg>
</arguments>
<msg timestamp="20210114 11:43:13.966" level="INFO">Not Executed</msg>
<status status="PASS" starttime="20210114 11:43:13.965" endtime="20210114 11:43:13.966"></status>
</kw>
<kw name="Should Be True" library="BuiltIn" type="teardown">
<doc>Fails if the given condition is not true.</doc>
<arguments>
<arg>${passed}</arg>
</arguments>
<msg timestamp="20210114 11:43:13.968" level="FAIL">'False' should be true.</msg>
<status status="FAIL" starttime="20210114 11:43:13.968" endtime="20210114 11:43:13.969">'False' should be true.</status>
</kw>
<tags>
<tag>manual</tag>
<tag>Not Executed</tag>
<tag>PRODUCTQA-3267</tag>
</tags>
<status status="FAIL" starttime="20210114 11:43:13.958" endtime="20210114 11:43:13.969" critical="yes">Teardown failed:
'False' should be true.</status>
</test>
<test id="s1-s2-t2" name="Configuration: Dataset: Article: S3 delivery">
<kw name="Set Test Variable" library="BuiltIn" type="setup">
<doc>Makes a variable available everywhere within the scope of the current test.</doc>
<arguments>
<arg>${passed}</arg>
<arg>${FALSE}</arg>
</arguments>
<msg timestamp="20210114 11:43:13.981" level="INFO">${passed} = False</msg>
<status status="PASS" starttime="20210114 11:43:13.977" endtime="20210114 11:43:13.981"></status>
</kw>
<kw name="Log" library="BuiltIn">
<doc>Logs the given message with the given level.</doc>
<arguments>
<arg>Not Executed</arg>
</arguments>
<msg timestamp="20210114 11:43:13.981" level="INFO">Not Executed</msg>
<status status="PASS" starttime="20210114 11:43:13.981" endtime="20210114 11:43:13.982"></status>
</kw>
<kw name="Should Be True" library="BuiltIn" type="teardown">
<doc>Fails if the given condition is not true.</doc>
<arguments>
<arg>${passed}</arg>
</arguments>
<msg timestamp="20210114 11:43:13.986" level="FAIL">'False' should be true.</msg>
<status status="FAIL" starttime="20210114 11:43:13.984" endtime="20210114 11:43:13.986">'False' should be true.</status>
</kw>
<tags>
<tag>manual</tag>
<tag>Not Executed</tag>
<tag>PRODUCTQA-3304</tag>
</tags>
<status status="FAIL" starttime="20210114 11:43:13.974" endtime="20210114 11:43:13.987" critical="yes">Teardown failed:
'False' should be true.</status>
</test>
<test id="s1-s2-t3" name="Configuration: Dataset: Article: Schedule crawling of dataset - TO DO">
<kw name="Set Test Variable" library="BuiltIn" type="setup">
<doc>Makes a variable available everywhere within the scope of the current test.</doc>
<arguments>
<arg>${passed}</arg>
<arg>${FALSE}</arg>
</arguments>
<msg timestamp="20210114 11:43:13.991" level="INFO">${passed} = False</msg>
<status status="PASS" starttime="20210114 11:43:13.990" endtime="20210114 11:43:13.991"></status>
</kw>
<kw name="Log" library="BuiltIn">
<doc>Logs the given message with the given level.</doc>
<arguments>
<arg>Not Executed</arg>
</arguments>
<msg timestamp="20210114 11:43:13.993" level="INFO">Not Executed</msg>
<status status="PASS" starttime="20210114 11:43:13.992" endtime="20210114 11:43:13.993"></status>
</kw>
<kw name="Should Be True" library="BuiltIn" type="teardown">
<doc>Fails if the given condition is not true.</doc>
<arguments>
<arg>${passed}</arg>
</arguments>
<msg timestamp="20210114 11:43:13.994" level="FAIL">'False' should be true.</msg>
<status status="FAIL" starttime="20210114 11:43:13.993" endtime="20210114 11:43:13.994">'False' should be true.</status>
</kw>
<tags>
<tag>manual</tag>
<tag>Not Executed</tag>
<tag>PRODUCTQA-3305</tag>
</tags>
<status status="FAIL" starttime="20210114 11:43:13.989" endtime="20210114 11:43:13.994" critical="yes">Teardown failed:
'False' should be true.</status>
</test>
<test id="s1-s2-t4" name="Configuration: Dataset: Article: Requests Limit: No Limits">
<kw name="Set Test Variable" library="BuiltIn" type="setup">
<doc>Makes a variable available everywhere within the scope of the current test.</doc>
<arguments>
<arg>${passed}</arg>
<arg>${FALSE}</arg>
</arguments>
<msg timestamp="20210114 11:43:13.999" level="INFO">${passed} = False</msg>
<status status="PASS" starttime="20210114 11:43:13.997" endtime="20210114 11:43:13.999"></status>
</kw>
<kw name="Log" library="BuiltIn">
<doc>Logs the given message with the given level.</doc>
<arguments>
<arg>Not Executed</arg>
</arguments>
<msg timestamp="20210114 11:43:14.000" level="INFO">Not Executed</msg>
<status status="PASS" starttime="20210114 11:43:13.999" endtime="20210114 11:43:14.000"></status>
</kw>
<kw name="Should Be True" library="BuiltIn" type="teardown">
<doc>Fails if the given condition is not true.</doc>
<arguments>
<arg>${passed}</arg>
</arguments>
<msg timestamp="20210114 11:43:14.006" level="FAIL">'False' should be true.</msg>
<status status="FAIL" starttime="20210114 11:43:14.005" endtime="20210114 11:43:14.006">'False' should be true.</status>
</kw>
<tags>
<tag>manual</tag>
<tag>Not Executed</tag>
<tag>PRODUCTQA-3306</tag>
</tags>
<status status="FAIL" starttime="20210114 11:43:13.996" endtime="20210114 11:43:14.006" critical="yes">Teardown failed:
'False' should be true.</status>
</test>
<test id="s1-s2-t5" name="Configuration: Dataset: Article: Requests Limit: 200 requests">
<kw name="Set Test Variable" library="BuiltIn" type="setup">
<doc>Makes a variable available everywhere within the scope of the current test.</doc>
<arguments>
<arg>${passed}</arg>
<arg>${FALSE}</arg>
</arguments>
<msg timestamp="20210114 11:43:14.012" level="INFO">${passed} = False</msg>
<status status="PASS" starttime="20210114 11:43:14.010" endtime="20210114 11:43:14.012"></status>
</kw>
<kw name="Log" library="BuiltIn">
<doc>Logs the given message with the given level.</doc>
<arguments>
<arg>Not Executed</arg>
</arguments>
<msg timestamp="20210114 11:43:14.013" level="INFO">Not Executed</msg>
<status status="PASS" starttime="20210114 11:43:14.013" endtime="20210114 11:43:14.013"></status>
</kw>
<kw name="Should Be True" library="BuiltIn" type="teardown">
<doc>Fails if the given condition is not true.</doc>
<arguments>
<arg>${passed}</arg>
</arguments>
<msg timestamp="20210114 11:43:14.014" level="FAIL">'False' should be true.</msg>
<status status="FAIL" starttime="20210114 11:43:14.013" endtime="20210114 11:43:14.014">'False' should be true.</status>
</kw>
<tags>
<tag>manual</tag>
<tag>Not Executed</tag>
<tag>PRODUCTQA-3308</tag>
</tags>
<status status="FAIL" starttime="20210114 11:43:14.009" endtime="20210114 11:43:14.015" critical="yes">Teardown failed:
'False' should be true.</status>
</test>
<test id="s1-s2-t6" name="Configuration: Dataset: Article: All Settings">
<kw name="Set Test Variable" library="BuiltIn" type="setup">
<doc>Makes a variable available everywhere within the scope of the current test.</doc>
<arguments>
<arg>${passed}</arg>
<arg>${FALSE}</arg>
</arguments>
<msg timestamp="20210114 11:43:14.022" level="INFO">${passed} = False</msg>
<status status="PASS" starttime="20210114 11:43:14.021" endtime="20210114 11:43:14.022"></status>
</kw>
<kw name="Log" library="BuiltIn">
<doc>Logs the given message with the given level.</doc>
<arguments>
<arg>Not Executed</arg>
</arguments>
<msg timestamp="20210114 11:43:14.023" level="INFO">Not Executed</msg>
<status status="PASS" starttime="20210114 11:43:14.023" endtime="20210114 11:43:14.023"></status>
</kw>
<kw name="Should Be True" library="BuiltIn" type="teardown">
<doc>Fails if the given condition is not true.</doc>
<arguments>
<arg>${passed}</arg>
</arguments>
<msg timestamp="20210114 11:43:14.025" level="FAIL">'False' should be true.</msg>
<status status="FAIL" starttime="20210114 11:43:14.024" endtime="20210114 11:43:14.025">'False' should be true.</status>
</kw>
<tags>
<tag>manual</tag>
<tag>Not Executed</tag>
<tag>PRODUCTQA-3312</tag>
</tags>
<status status="FAIL" starttime="20210114 11:43:14.017" endtime="20210114 11:43:14.025" critical="yes">Teardown failed:
'False' should be true.</status>
</test>
<test id="s1-s2-t7" name="Configuration: Dataset: Article: URL">
<kw name="Set Test Variable" library="BuiltIn" type="setup">
<doc>Makes a variable available everywhere within the scope of the current test.</doc>
<arguments>
<arg>${passed}</arg>
<arg>${FALSE}</arg>
</arguments>
<msg timestamp="20210114 11:43:14.030" level="INFO">${passed} = False</msg>
<status status="PASS" starttime="20210114 11:43:14.029" endtime="20210114 11:43:14.031"></status>
</kw>
<kw name="Log" library="BuiltIn">
<doc>Logs the given message with the given level.</doc>
<arguments>
<arg>Not Executed</arg>
</arguments>
<msg timestamp="20210114 11:43:14.032" level="INFO">Not Executed</msg>
<status status="PASS" starttime="20210114 11:43:14.032" endtime="20210114 11:43:14.032"></status>
</kw>
<kw name="Should Be True" library="BuiltIn" type="teardown">
<doc>Fails if the given condition is not true.</doc>
<arguments>
<arg>${passed}</arg>
</arguments>
<msg timestamp="20210114 11:43:14.034" level="FAIL">'False' should be true.</msg>
<status status="FAIL" starttime="20210114 11:43:14.033" endtime="20210114 11:43:14.034">'False' should be true.</status>
</kw>
<tags>
<tag>manual</tag>
<tag>Not Executed</tag>
<tag>PRODUCTQA-3334</tag>
</tags>
<status status="FAIL" starttime="20210114 11:43:14.028" endtime="20210114 11:43:14.035" critical="yes">Teardown failed:
'False' should be true.</status>
</test>
<test id="s1-s2-t8" name="Configuration: Dataset: Button Exit -&gt; Changes are not saved and crawl is not restarted">
<kw name="Set Test Variable" library="BuiltIn" type="setup">
<doc>Makes a variable available everywhere within the scope of the current test.</doc>
<arguments>
<arg>${passed}</arg>
<arg>${FALSE}</arg>
</arguments>
<msg timestamp="20210114 11:43:14.040" level="INFO">${passed} = False</msg>
<status status="PASS" starttime="20210114 11:43:14.036" endtime="20210114 11:43:14.040"></status>
</kw>
<kw name="Log" library="BuiltIn">
<doc>Logs the given message with the given level.</doc>
<arguments>
<arg>Not Executed</arg>
</arguments>
<msg timestamp="20210114 11:43:14.041" level="INFO">Not Executed</msg>
<status status="PASS" starttime="20210114 11:43:14.040" endtime="20210114 11:43:14.042"></status>
</kw>
<kw name="Should Be True" library="BuiltIn" type="teardown">
<doc>Fails if the given condition is not true.</doc>
<arguments>
<arg>${passed}</arg>
</arguments>
<msg timestamp="20210114 11:43:14.045" level="FAIL">'False' should be true.</msg>
<status status="FAIL" starttime="20210114 11:43:14.043" endtime="20210114 11:43:14.045">'False' should be true.</status>
</kw>
<tags>
<tag>manual</tag>
<tag>Not Executed</tag>
<tag>PRODUCTQA-3336</tag>
</tags>
<status status="FAIL" starttime="20210114 11:43:14.036" endtime="20210114 11:43:14.045" critical="yes">Teardown failed:
'False' should be true.</status>
</test>
<test id="s1-s2-t9" name="Configuration: Dataset: max_requests vs current_max_requests">
<kw name="Set Test Variable" library="BuiltIn" type="setup">
<doc>Makes a variable available everywhere within the scope of the current test.</doc>
<arguments>
<arg>${passed}</arg>
<arg>${FALSE}</arg>
</arguments>
<msg timestamp="20210114 11:43:14.048" level="INFO">${passed} = False</msg>
<status status="PASS" starttime="20210114 11:43:14.046" endtime="20210114 11:43:14.048"></status>
</kw>
<kw name="Log" library="BuiltIn">
<doc>Logs the given message with the given level.</doc>
<arguments>
<arg>Not Executed</arg>
</arguments>
<msg timestamp="20210114 11:43:14.049" level="INFO">Not Executed</msg>
<status status="PASS" starttime="20210114 11:43:14.049" endtime="20210114 11:43:14.049"></status>
</kw>
<kw name="Should Be True" library="BuiltIn" type="teardown">
<doc>Fails if the given condition is not true.</doc>
<arguments>
<arg>${passed}</arg>
</arguments>
<msg timestamp="20210114 11:43:14.054" level="FAIL">'False' should be true.</msg>
<status status="FAIL" starttime="20210114 11:43:14.052" endtime="20210114 11:43:14.055">'False' should be true.</status>
</kw>
<tags>
<tag>manual</tag>
<tag>Not Executed</tag>
<tag>PRODUCTQA-3365</tag>
</tags>
<status status="FAIL" starttime="20210114 11:43:14.046" endtime="20210114 11:43:14.055" critical="yes">Teardown failed:
'False' should be true.</status>
</test>
<test id="s1-s2-t10" name="Configuration: Dataset: Article Feed: S3 delivery">
<kw name="Set Test Variable" library="BuiltIn" type="setup">
<doc>Makes a variable available everywhere within the scope of the current test.</doc>
<arguments>
<arg>${passed}</arg>
<arg>${FALSE}</arg>
</arguments>
<msg timestamp="20210114 11:43:14.063" level="INFO">${passed} = False</msg>
<status status="PASS" starttime="20210114 11:43:14.059" endtime="20210114 11:43:14.063"></status>
</kw>
<kw name="Log" library="BuiltIn">
<doc>Logs the given message with the given level.</doc>
<arguments>
<arg>Not Executed</arg>
</arguments>
<msg timestamp="20210114 11:43:14.064" level="INFO">Not Executed</msg>
<status status="PASS" starttime="20210114 11:43:14.063" endtime="20210114 11:43:14.064"></status>
</kw>
<kw name="Should Be True" library="BuiltIn" type="teardown">
<doc>Fails if the given condition is not true.</doc>
<arguments>
<arg>${passed}</arg>
</arguments>
<msg timestamp="20210114 11:43:14.065" level="FAIL">'False' should be true.</msg>
<status status="FAIL" starttime="20210114 11:43:14.065" endtime="20210114 11:43:14.065">'False' should be true.</status>
</kw>
<tags>
<tag>manual</tag>
<tag>Not Executed</tag>
<tag>PRODUCTQA-3281</tag>
</tags>
<status status="FAIL" starttime="20210114 11:43:14.056" endtime="20210114 11:43:14.066" critical="yes">Teardown failed:
'False' should be true.</status>
</test>
<test id="s1-s2-t11" name="Configuration: Dataset: Article Feed: Schedule crawling of dataset - TO DO">
<kw name="Set Test Variable" library="BuiltIn" type="setup">
<doc>Makes a variable available everywhere within the scope of the current test.</doc>
<arguments>
<arg>${passed}</arg>
<arg>${FALSE}</arg>
</arguments>
<msg timestamp="20210114 11:43:14.076" level="INFO">${passed} = False</msg>
<status status="PASS" starttime="20210114 11:43:14.072" endtime="20210114 11:43:14.077"></status>
</kw>
<kw name="Log" library="BuiltIn">
<doc>Logs the given message with the given level.</doc>
<arguments>
<arg>Not Executed</arg>
</arguments>
<msg timestamp="20210114 11:43:14.077" level="INFO">Not Executed</msg>
<status status="PASS" starttime="20210114 11:43:14.077" endtime="20210114 11:43:14.077"></status>
</kw>
<kw name="Should Be True" library="BuiltIn" type="teardown">
<doc>Fails if the given condition is not true.</doc>
<arguments>
<arg>${passed}</arg>
</arguments>
<msg timestamp="20210114 11:43:14.078" level="FAIL">'False' should be true.</msg>
<status status="FAIL" starttime="20210114 11:43:14.078" endtime="20210114 11:43:14.078">'False' should be true.</status>
</kw>
<tags>
<tag>manual</tag>
<tag>Not Executed</tag>
<tag>PRODUCTQA-3282</tag>
</tags>
<status status="FAIL" starttime="20210114 11:43:14.067" endtime="20210114 11:43:14.078" critical="yes">Teardown failed:
'False' should be true.</status>
</test>
<test id="s1-s2-t12" name="Configuration: Dataset: Article Feed: Requests Limit: No Limits">
<kw name="Set Test Variable" library="BuiltIn" type="setup">
<doc>Makes a variable available everywhere within the scope of the current test.</doc>
<arguments>
<arg>${passed}</arg>
<arg>${FALSE}</arg>
</arguments>
<msg timestamp="20210114 11:43:14.085" level="INFO">${passed} = False</msg>
<status status="PASS" starttime="20210114 11:43:14.082" endtime="20210114 11:43:14.086"></status>
</kw>
<kw name="Log" library="BuiltIn">
<doc>Logs the given message with the given level.</doc>
<arguments>
<arg>Not Executed</arg>
</arguments>
<msg timestamp="20210114 11:43:14.087" level="INFO">Not Executed</msg>
<status status="PASS" starttime="20210114 11:43:14.086" endtime="20210114 11:43:14.087"></status>
</kw>
<kw name="Should Be True" library="BuiltIn" type="teardown">
<doc>Fails if the given condition is not true.</doc>
<arguments>
<arg>${passed}</arg>
</arguments>
<msg timestamp="20210114 11:43:14.088" level="FAIL">'False' should be true.</msg>
<status status="FAIL" starttime="20210114 11:43:14.087" endtime="20210114 11:43:14.088">'False' should be true.</status>
</kw>
<tags>
<tag>manual</tag>
<tag>Not Executed</tag>
<tag>PRODUCTQA-3284</tag>
</tags>
<status status="FAIL" starttime="20210114 11:43:14.080" endtime="20210114 11:43:14.088" critical="yes">Teardown failed:
'False' should be true.</status>
</test>
<test id="s1-s2-t13" name="Configuration: Dataset: Article Feed: Requests Limit: 200 requests">
<kw name="Set Test Variable" library="BuiltIn" type="setup">
<doc>Makes a variable available everywhere within the scope of the current test.</doc>
<arguments>
<arg>${passed}</arg>
<arg>${FALSE}</arg>
</arguments>
<msg timestamp="20210114 11:43:14.091" level="INFO">${passed} = False</msg>
<status status="PASS" starttime="20210114 11:43:14.089" endtime="20210114 11:43:14.091"></status>
</kw>
<kw name="Log" library="BuiltIn">
<doc>Logs the given message with the given level.</doc>
<arguments>
<arg>Not Executed</arg>
</arguments>
<msg timestamp="20210114 11:43:14.091" level="INFO">Not Executed</msg>
<status status="PASS" starttime="20210114 11:43:14.091" endtime="20210114 11:43:14.092"></status>
</kw>
<kw name="Should Be True" library="BuiltIn" type="teardown">
<doc>Fails if the given condition is not true.</doc>
<arguments>
<arg>${passed}</arg>
</arguments>
<msg timestamp="20210114 11:43:14.096" level="FAIL">'False' should be true.</msg>
<status status="FAIL" starttime="20210114 11:43:14.092" endtime="20210114 11:43:14.096">'False' should be true.</status>
</kw>
<tags>
<tag>manual</tag>
<tag>Not Executed</tag>
<tag>PRODUCTQA-3286</tag>
</tags>
<status status="FAIL" starttime="20210114 11:43:14.088" endtime="20210114 11:43:14.096" critical="yes">Teardown failed:
'False' should be true.</status>
</test>
<test id="s1-s2-t14" name="Configuration: Dataset: Article Feed: URL">
<kw name="Set Test Variable" library="BuiltIn" type="setup">
<doc>Makes a variable available everywhere within the scope of the current test.</doc>
<arguments>
<arg>${passed}</arg>
<arg>${FALSE}</arg>
</arguments>
<msg timestamp="20210114 11:43:14.099" level="INFO">${passed} = False</msg>
<status status="PASS" starttime="20210114 11:43:14.098" endtime="20210114 11:43:14.099"></status>
</kw>
<kw name="Log" library="BuiltIn">
<doc>Logs the given message with the given level.</doc>
<arguments>
<arg>Not Executed</arg>
</arguments>
<msg timestamp="20210114 11:43:14.103" level="INFO">Not Executed</msg>
<status status="PASS" starttime="20210114 11:43:14.100" endtime="20210114 11:43:14.104"></status>
</kw>
<kw name="Should Be True" library="BuiltIn" type="teardown">
<doc>Fails if the given condition is not true.</doc>
<arguments>
<arg>${passed}</arg>
</arguments>
<msg timestamp="20210114 11:43:14.105" level="FAIL">'False' should be true.</msg>
<status status="FAIL" starttime="20210114 11:43:14.104" endtime="20210114 11:43:14.105">'False' should be true.</status>
</kw>
<tags>
<tag>manual</tag>
<tag>Not Executed</tag>
<tag>PRODUCTQA-3300</tag>
</tags>
<status status="FAIL" starttime="20210114 11:43:14.097" endtime="20210114 11:43:14.106" critical="yes">Teardown failed:
'False' should be true.</status>
</test>
<test id="s1-s2-t15" name="Configuration: Dataset: Products: Requests Limit: No Limits">
<kw name="Set Test Variable" library="BuiltIn" type="setup">
<doc>Makes a variable available everywhere within the scope of the current test.</doc>
<arguments>
<arg>${passed}</arg>
<arg>${FALSE}</arg>
</arguments>
<msg timestamp="20210114 11:43:14.112" level="INFO">${passed} = False</msg>
<status status="PASS" starttime="20210114 11:43:14.108" endtime="20210114 11:43:14.112"></status>
</kw>
<kw name="Log" library="BuiltIn">
<doc>Logs the given message with the given level.</doc>
<arguments>
<arg>Not Executed</arg>
</arguments>
<msg timestamp="20210114 11:43:14.114" level="INFO">Not Executed</msg>
<status status="PASS" starttime="20210114 11:43:14.113" endtime="20210114 11:43:14.114"></status>
</kw>
<kw name="Should Be True" library="BuiltIn" type="teardown">
<doc>Fails if the given condition is not true.</doc>
<arguments>
<arg>${passed}</arg>
</arguments>
<msg timestamp="20210114 11:43:14.116" level="FAIL">'False' should be true.</msg>
<status status="FAIL" starttime="20210114 11:43:14.115" endtime="20210114 11:43:14.116">'False' should be true.</status>
</kw>
<tags>
<tag>manual</tag>
<tag>Not Executed</tag>
<tag>PRODUCTQA-3310</tag>
</tags>
<status status="FAIL" starttime="20210114 11:43:14.107" endtime="20210114 11:43:14.116" critical="yes">Teardown failed:
'False' should be true.</status>
</test>
<test id="s1-s2-t16" name="Configuration: Dataset: Products: Requests Limit: 200 requests">
<kw name="Set Test Variable" library="BuiltIn" type="setup">
<doc>Makes a variable available everywhere within the scope of the current test.</doc>
<arguments>
<arg>${passed}</arg>
<arg>${FALSE}</arg>
</arguments>
<msg timestamp="20210114 11:43:14.121" level="INFO">${passed} = False</msg>
<status status="PASS" starttime="20210114 11:43:14.119" endtime="20210114 11:43:14.121"></status>
</kw>
<kw name="Log" library="BuiltIn">
<doc>Logs the given message with the given level.</doc>
<arguments>
<arg>Not Executed</arg>
</arguments>
<msg timestamp="20210114 11:43:14.123" level="INFO">Not Executed</msg>
<status status="PASS" starttime="20210114 11:43:14.122" endtime="20210114 11:43:14.123"></status>
</kw>
<kw name="Should Be True" library="BuiltIn" type="teardown">
<doc>Fails if the given condition is not true.</doc>
<arguments>
<arg>${passed}</arg>
</arguments>
<msg timestamp="20210114 11:43:14.126" level="FAIL">'False' should be true.</msg>
<status status="FAIL" starttime="20210114 11:43:14.124" endtime="20210114 11:43:14.126">'False' should be true.</status>
</kw>
<tags>
<tag>manual</tag>
<tag>Not Executed</tag>
<tag>PRODUCTQA-3311</tag>
</tags>
<status status="FAIL" starttime="20210114 11:43:14.118" endtime="20210114 11:43:14.126" critical="yes">Teardown failed:
'False' should be true.</status>
</test>
<test id="s1-s2-t17" name="Configuration: Dataset: Products: URL">
<kw name="Set Test Variable" library="BuiltIn" type="setup">
<doc>Makes a variable available everywhere within the scope of the current test.</doc>
<arguments>
<arg>${passed}</arg>
<arg>${FALSE}</arg>
</arguments>
<msg timestamp="20210114 11:43:14.131" level="INFO">${passed} = False</msg>
<status status="PASS" starttime="20210114 11:43:14.129" endtime="20210114 11:43:14.131"></status>
</kw>
<kw name="Log" library="BuiltIn">
<doc>Logs the given message with the given level.</doc>
<arguments>
<arg>Not Executed</arg>
</arguments>
<msg timestamp="20210114 11:43:14.132" level="INFO">Not Executed</msg>
<status status="PASS" starttime="20210114 11:43:14.132" endtime="20210114 11:43:14.133"></status>
</kw>
<kw name="Should Be True" library="BuiltIn" type="teardown">
<doc>Fails if the given condition is not true.</doc>
<arguments>
<arg>${passed}</arg>
</arguments>
<msg timestamp="20210114 11:43:14.134" level="FAIL">'False' should be true.</msg>
<status status="FAIL" starttime="20210114 11:43:14.134" endtime="20210114 11:43:14.135">'False' should be true.</status>
</kw>
<tags>
<tag>manual</tag>
<tag>Not Executed</tag>
<tag>PRODUCTQA-3313</tag>
</tags>
<status status="FAIL" starttime="20210114 11:43:14.127" endtime="20210114 11:43:14.135" critical="yes">Teardown failed:
'False' should be true.</status>
</test>
<test id="s1-s2-t18" name="Configuration: Dataset: Products: S3 delivery">
<kw name="Set Test Variable" library="BuiltIn" type="setup">
<doc>Makes a variable available everywhere within the scope of the current test.</doc>
<arguments>
<arg>${passed}</arg>
<arg>${FALSE}</arg>
</arguments>
<msg timestamp="20210114 11:43:14.140" level="INFO">${passed} = False</msg>
<status status="PASS" starttime="20210114 11:43:14.137" endtime="20210114 11:43:14.140"></status>
</kw>
<kw name="Log" library="BuiltIn">
<doc>Logs the given message with the given level.</doc>
<arguments>
<arg>Not Executed</arg>
</arguments>
<msg timestamp="20210114 11:43:14.141" level="INFO">Not Executed</msg>
<status status="PASS" starttime="20210114 11:43:14.140" endtime="20210114 11:43:14.141"></status>
</kw>
<kw name="Should Be True" library="BuiltIn" type="teardown">
<doc>Fails if the given condition is not true.</doc>
<arguments>
<arg>${passed}</arg>
</arguments>
<msg timestamp="20210114 11:43:14.143" level="FAIL">'False' should be true.</msg>
<status status="FAIL" starttime="20210114 11:43:14.142" endtime="20210114 11:43:14.144">'False' should be true.</status>
</kw>
<tags>
<tag>manual</tag>
<tag>Not Executed</tag>
<tag>PRODUCTQA-3314</tag>
</tags>
<status status="FAIL" starttime="20210114 11:43:14.136" endtime="20210114 11:43:14.144" critical="yes">Teardown failed:
'False' should be true.</status>
</test>
<test id="s1-s2-t19" name="Configuration: Dataset: Products: Schedule crawling of dataset - TO DO">
<kw name="Set Test Variable" library="BuiltIn" type="setup">
<doc>Makes a variable available everywhere within the scope of the current test.</doc>
<arguments>
<arg>${passed}</arg>
<arg>${FALSE}</arg>
</arguments>
<msg timestamp="20210114 11:43:14.148" level="INFO">${passed} = False</msg>
<status status="PASS" starttime="20210114 11:43:14.147" endtime="20210114 11:43:14.149"></status>
</kw>
<kw name="Log" library="BuiltIn">
<doc>Logs the given message with the given level.</doc>
<arguments>
<arg>Not Executed</arg>
</arguments>
<msg timestamp="20210114 11:43:14.149" level="INFO">Not Executed</msg>
<status status="PASS" starttime="20210114 11:43:14.149" endtime="20210114 11:43:14.149"></status>
</kw>
<kw name="Should Be True" library="BuiltIn" type="teardown">
<doc>Fails if the given condition is not true.</doc>
<arguments>
<arg>${passed}</arg>
</arguments>
<msg timestamp="20210114 11:43:14.155" level="FAIL">'False' should be true.</msg>
<status status="FAIL" starttime="20210114 11:43:14.151" endtime="20210114 11:43:14.155">'False' should be true.</status>
</kw>
<tags>
<tag>manual</tag>
<tag>Not Executed</tag>
<tag>PRODUCTQA-3315</tag>
</tags>
<status status="FAIL" starttime="20210114 11:43:14.145" endtime="20210114 11:43:14.156" critical="yes">Teardown failed:
'False' should be true.</status>
</test>
<test id="s1-s2-t20" name="Configuration: Dataset: Product Feed: Requests Limit: 200 requests">
<kw name="Set Test Variable" library="BuiltIn" type="setup">
<doc>Makes a variable available everywhere within the scope of the current test.</doc>
<arguments>
<arg>${passed}</arg>
<arg>${FALSE}</arg>
</arguments>
<msg timestamp="20210114 11:43:14.163" level="INFO">${passed} = False</msg>
<status status="PASS" starttime="20210114 11:43:14.158" endtime="20210114 11:43:14.163"></status>
</kw>
<kw name="Log" library="BuiltIn">
<doc>Logs the given message with the given level.</doc>
<arguments>
<arg>Not Executed</arg>
</arguments>
<msg timestamp="20210114 11:43:14.164" level="INFO">Not Executed</msg>
<status status="PASS" starttime="20210114 11:43:14.164" endtime="20210114 11:43:14.164"></status>
</kw>
<kw name="Should Be True" library="BuiltIn" type="teardown">
<doc>Fails if the given condition is not true.</doc>
<arguments>
<arg>${passed}</arg>
</arguments>
<msg timestamp="20210114 11:43:14.166" level="FAIL">'False' should be true.</msg>
<status status="FAIL" starttime="20210114 11:43:14.165" endtime="20210114 11:43:14.166">'False' should be true.</status>
</kw>
<tags>
<tag>manual</tag>
<tag>Not Executed</tag>
<tag>PRODUCTQA-3288</tag>
</tags>
<status status="FAIL" starttime="20210114 11:43:14.157" endtime="20210114 11:43:14.166" critical="yes">Teardown failed:
'False' should be true.</status>
</test>
<test id="s1-s2-t21" name="Configuration: Dataset: Products Feed: S3 delivery">
<kw name="Set Test Variable" library="BuiltIn" type="setup">
<doc>Makes a variable available everywhere within the scope of the current test.</doc>
<arguments>
<arg>${passed}</arg>
<arg>${FALSE}</arg>
</arguments>
<msg timestamp="20210114 11:43:14.176" level="INFO">${passed} = False</msg>
<status status="PASS" starttime="20210114 11:43:14.172" endtime="20210114 11:43:14.176"></status>
</kw>
<kw name="Log" library="BuiltIn">
<doc>Logs the given message with the given level.</doc>
<arguments>
<arg>Not Executed</arg>
</arguments>
<msg timestamp="20210114 11:43:14.177" level="INFO">Not Executed</msg>
<status status="PASS" starttime="20210114 11:43:14.177" endtime="20210114 11:43:14.177"></status>
</kw>
<kw name="Should Be True" library="BuiltIn" type="teardown">
<doc>Fails if the given condition is not true.</doc>
<arguments>
<arg>${passed}</arg>
</arguments>
<msg timestamp="20210114 11:43:14.180" level="FAIL">'False' should be true.</msg>
<status status="FAIL" starttime="20210114 11:43:14.179" endtime="20210114 11:43:14.180">'False' should be true.</status>
</kw>
<tags>
<tag>manual</tag>
<tag>Not Executed</tag>
<tag>PRODUCTQA-3289</tag>
</tags>
<status status="FAIL" starttime="20210114 11:43:14.167" endtime="20210114 11:43:14.180" critical="yes">Teardown failed:
'False' should be true.</status>
</test>
<test id="s1-s2-t22" name="Configuration: Dataset: Product Feed: URL">
<kw name="Set Test Variable" library="BuiltIn" type="setup">
<doc>Makes a variable available everywhere within the scope of the current test.</doc>
<arguments>
<arg>${passed}</arg>
<arg>${FALSE}</arg>
</arguments>
<msg timestamp="20210114 11:43:14.189" level="INFO">${passed} = False</msg>
<status status="PASS" starttime="20210114 11:43:14.183" endtime="20210114 11:43:14.189"></status>
</kw>
<kw name="Log" library="BuiltIn">
<doc>Logs the given message with the given level.</doc>
<arguments>
<arg>Not Executed</arg>
</arguments>
<msg timestamp="20210114 11:43:14.190" level="INFO">Not Executed</msg>
<status status="PASS" starttime="20210114 11:43:14.190" endtime="20210114 11:43:14.191"></status>
</kw>
<kw name="Should Be True" library="BuiltIn" type="teardown">
<doc>Fails if the given condition is not true.</doc>
<arguments>
<arg>${passed}</arg>
</arguments>
<msg timestamp="20210114 11:43:14.192" level="FAIL">'False' should be true.</msg>
<status status="FAIL" starttime="20210114 11:43:14.191" endtime="20210114 11:43:14.193">'False' should be true.</status>
</kw>
<tags>
<tag>manual</tag>
<tag>Not Executed</tag>
<tag>PRODUCTQA-3291</tag>
</tags>
<status status="FAIL" starttime="20210114 11:43:14.181" endtime="20210114 11:43:14.193" critical="yes">Teardown failed:
'False' should be true.</status>
</test>
<test id="s1-s2-t23" name="Configuration: Dataset: Product Feed: Requests Limit: No Limits">
<kw name="Set Test Variable" library="BuiltIn" type="setup">
<doc>Makes a variable available everywhere within the scope of the current test.</doc>
<arguments>
<arg>${passed}</arg>
<arg>${FALSE}</arg>
</arguments>
<msg timestamp="20210114 11:43:14.197" level="INFO">${passed} = False</msg>
<status status="PASS" starttime="20210114 11:43:14.194" endtime="20210114 11:43:14.197"></status>
</kw>
<kw name="Log" library="BuiltIn">
<doc>Logs the given message with the given level.</doc>
<arguments>
<arg>Not Executed</arg>
</arguments>
<msg timestamp="20210114 11:43:14.198" level="INFO">Not Executed</msg>
<status status="PASS" starttime="20210114 11:43:14.198" endtime="20210114 11:43:14.198"></status>
</kw>
<kw name="Should Be True" library="BuiltIn" type="teardown">
<doc>Fails if the given condition is not true.</doc>
<arguments>
<arg>${passed}</arg>
</arguments>
<msg timestamp="20210114 11:43:14.200" level="FAIL">'False' should be true.</msg>
<status status="FAIL" starttime="20210114 11:43:14.199" endtime="20210114 11:43:14.205">'False' should be true.</status>
</kw>
<tags>
<tag>manual</tag>
<tag>Not Executed</tag>
<tag>PRODUCTQA-3292</tag>
</tags>
<status status="FAIL" starttime="20210114 11:43:14.193" endtime="20210114 11:43:14.205" critical="yes">Teardown failed:
'False' should be true.</status>
</test>
<test id="s1-s2-t24" name="Configuration: Dataset: Product Feed: Schedule crawling of dataset - TO DO">
<kw name="Set Test Variable" library="BuiltIn" type="setup">
<doc>Makes a variable available everywhere within the scope of the current test.</doc>
<arguments>
<arg>${passed}</arg>
<arg>${FALSE}</arg>
</arguments>
<msg timestamp="20210114 11:43:14.209" level="INFO">${passed} = False</msg>
<status status="PASS" starttime="20210114 11:43:14.207" endtime="20210114 11:43:14.209"></status>
</kw>
<kw name="Log" library="BuiltIn">
<doc>Logs the given message with the given level.</doc>
<arguments>
<arg>Not Executed</arg>
</arguments>
<msg timestamp="20210114 11:43:14.211" level="INFO">Not Executed</msg>
<status status="PASS" starttime="20210114 11:43:14.211" endtime="20210114 11:43:14.212"></status>
</kw>
<kw name="Should Be True" library="BuiltIn" type="teardown">
<doc>Fails if the given condition is not true.</doc>
<arguments>
<arg>${passed}</arg>
</arguments>
<msg timestamp="20210114 11:43:14.215" level="FAIL">'False' should be true.</msg>
<status status="FAIL" starttime="20210114 11:43:14.214" endtime="20210114 11:43:14.215">'False' should be true.</status>
</kw>
<tags>
<tag>manual</tag>
<tag>Not Executed</tag>
<tag>PRODUCTQA-3293</tag>
</tags>
<status status="FAIL" starttime="20210114 11:43:14.206" endtime="20210114 11:43:14.215" critical="yes">Teardown failed:
'False' should be true.</status>
</test>
<status status="FAIL" starttime="20210114 11:43:13.951" endtime="20210114 11:43:14.218"></status>
</suite>
<suite id="s1-s3" name="Crawl existing dataset" source="/Users/gabriela/Documents/robot_scrapy/tests/Crawl_existing_dataset.robot">
<test id="s1-s3-t1" name="Crawl existing dataset: Articles">
<kw name="Set Test Variable" library="BuiltIn" type="setup">
<doc>Makes a variable available everywhere within the scope of the current test.</doc>
<arguments>
<arg>${passed}</arg>
<arg>${FALSE}</arg>
</arguments>
<msg timestamp="20210114 11:43:14.234" level="INFO">${passed} = False</msg>
<status status="PASS" starttime="20210114 11:43:14.232" endtime="20210114 11:43:14.234"></status>
</kw>
<kw name="Log" library="BuiltIn">
<doc>Logs the given message with the given level.</doc>
<arguments>
<arg>Not Executed</arg>
</arguments>
<msg timestamp="20210114 11:43:14.235" level="INFO">Not Executed</msg>
<status status="PASS" starttime="20210114 11:43:14.234" endtime="20210114 11:43:14.235"></status>
</kw>
<kw name="Should Be True" library="BuiltIn" type="teardown">
<doc>Fails if the given condition is not true.</doc>
<arguments>
<arg>${passed}</arg>
</arguments>
<msg timestamp="20210114 11:43:14.237" level="FAIL">'False' should be true.</msg>
<status status="FAIL" starttime="20210114 11:43:14.236" endtime="20210114 11:43:14.237">'False' should be true.</status>
</kw>
<tags>
<tag>manual</tag>
<tag>Not Executed</tag>
<tag>PRODUCTQA-3355</tag>
</tags>
<status status="FAIL" starttime="20210114 11:43:14.231" endtime="20210114 11:43:14.237" critical="yes">Teardown failed:
'False' should be true.</status>
</test>
<test id="s1-s3-t2" name="Crawl existing dataset: Feed URL Articles">
<kw name="Set Test Variable" library="BuiltIn" type="setup">
<doc>Makes a variable available everywhere within the scope of the current test.</doc>
<arguments>
<arg>${passed}</arg>
<arg>${FALSE}</arg>
</arguments>
<msg timestamp="20210114 11:43:14.243" level="INFO">${passed} = False</msg>
<status status="PASS" starttime="20210114 11:43:14.240" endtime="20210114 11:43:14.243"></status>
</kw>
<kw name="Log" library="BuiltIn">
<doc>Logs the given message with the given level.</doc>
<arguments>
<arg>Not Executed</arg>
</arguments>
<msg timestamp="20210114 11:43:14.246" level="INFO">Not Executed</msg>
<status status="PASS" starttime="20210114 11:43:14.244" endtime="20210114 11:43:14.246"></status>
</kw>
<kw name="Should Be True" library="BuiltIn" type="teardown">
<doc>Fails if the given condition is not true.</doc>
<arguments>
<arg>${passed}</arg>
</arguments>
<msg timestamp="20210114 11:43:14.248" level="FAIL">'False' should be true.</msg>
<status status="FAIL" starttime="20210114 11:43:14.247" endtime="20210114 11:43:14.248">'False' should be true.</status>
</kw>
<tags>
<tag>manual</tag>
<tag>Not Executed</tag>
<tag>PRODUCTQA-3323</tag>
</tags>
<status status="FAIL" starttime="20210114 11:43:14.238" endtime="20210114 11:43:14.248" critical="yes">Teardown failed:
'False' should be true.</status>
</test>
<test id="s1-s3-t3" name="Crawl existing dataset: Feed URL Products">
<kw name="Set Test Variable" library="BuiltIn" type="setup">
<doc>Makes a variable available everywhere within the scope of the current test.</doc>
<arguments>
<arg>${passed}</arg>
<arg>${FALSE}</arg>
</arguments>
<msg timestamp="20210114 11:43:14.255" level="INFO">${passed} = False</msg>
<status status="PASS" starttime="20210114 11:43:14.250" endtime="20210114 11:43:14.255"></status>
</kw>
<kw name="Log" library="BuiltIn">
<doc>Logs the given message with the given level.</doc>
<arguments>
<arg>Not Executed</arg>
</arguments>
<msg timestamp="20210114 11:43:14.256" level="INFO">Not Executed</msg>
<status status="PASS" starttime="20210114 11:43:14.255" endtime="20210114 11:43:14.256"></status>
</kw>
<kw name="Should Be True" library="BuiltIn" type="teardown">
<doc>Fails if the given condition is not true.</doc>
<arguments>
<arg>${passed}</arg>
</arguments>
<msg timestamp="20210114 11:43:14.257" level="FAIL">'False' should be true.</msg>
<status status="FAIL" starttime="20210114 11:43:14.256" endtime="20210114 11:43:14.257">'False' should be true.</status>
</kw>
<tags>
<tag>manual</tag>
<tag>Not Executed</tag>
<tag>PRODUCTQA-3326</tag>
</tags>
<status status="FAIL" starttime="20210114 11:43:14.249" endtime="20210114 11:43:14.257" critical="yes">Teardown failed:
'False' should be true.</status>
</test>
<test id="s1-s3-t4" name="Crawl existing dataset: Products">
<kw name="Set Test Variable" library="BuiltIn" type="setup">
<doc>Makes a variable available everywhere within the scope of the current test.</doc>
<arguments>
<arg>${passed}</arg>
<arg>${FALSE}</arg>
</arguments>
<msg timestamp="20210114 11:43:14.260" level="INFO">${passed} = False</msg>
<status status="PASS" starttime="20210114 11:43:14.258" endtime="20210114 11:43:14.260"></status>
</kw>
<kw name="Log" library="BuiltIn">
<doc>Logs the given message with the given level.</doc>
<arguments>
<arg>Not Executed</arg>
</arguments>
<msg timestamp="20210114 11:43:14.261" level="INFO">Not Executed</msg>
<status status="PASS" starttime="20210114 11:43:14.261" endtime="20210114 11:43:14.261"></status>
</kw>
<kw name="Should Be True" library="BuiltIn" type="teardown">
<doc>Fails if the given condition is not true.</doc>
<arguments>
<arg>${passed}</arg>
</arguments>
<msg timestamp="20210114 11:43:14.264" level="FAIL">'False' should be true.</msg>
<status status="FAIL" starttime="20210114 11:43:14.262" endtime="20210114 11:43:14.264">'False' should be true.</status>
</kw>
<tags>
<tag>manual</tag>
<tag>Not Executed</tag>
<tag>PRODUCTQA-3329</tag>
</tags>
<status status="FAIL" starttime="20210114 11:43:14.257" endtime="20210114 11:43:14.265" critical="yes">Teardown failed:
'False' should be true.</status>
</test>
<status status="FAIL" starttime="20210114 11:43:14.228" endtime="20210114 11:43:14.266"></status>
</suite>
<suite id="s1-s4" name="Crawlera Sign Up" source="/Users/gabriela/Documents/robot_scrapy/tests/Crawlera_Sign_Up.robot">
<test id="s1-s4-t1" name="Crawlera Sign Up: Page Layout">
<kw name="Set Test Variable" library="BuiltIn" type="setup">
<doc>Makes a variable available everywhere within the scope of the current test.</doc>
<arguments>
<arg>${passed}</arg>
<arg>${FALSE}</arg>
</arguments>
<msg timestamp="20210114 11:43:14.288" level="INFO">${passed} = False</msg>
<status status="PASS" starttime="20210114 11:43:14.286" endtime="20210114 11:43:14.288"></status>
</kw>
<kw name="Log" library="BuiltIn">
<doc>Logs the given message with the given level.</doc>
<arguments>
<arg>Not Executed</arg>
</arguments>
<msg timestamp="20210114 11:43:14.291" level="INFO">Not Executed</msg>
<status status="PASS" starttime="20210114 11:43:14.290" endtime="20210114 11:43:14.291"></status>
</kw>
<kw name="Should Be True" library="BuiltIn" type="teardown">
<doc>Fails if the given condition is not true.</doc>
<arguments>
<arg>${passed}</arg>
</arguments>
<msg timestamp="20210114 11:43:14.295" level="FAIL">'False' should be true.</msg>
<status status="FAIL" starttime="20210114 11:43:14.293" endtime="20210114 11:43:14.295">'False' should be true.</status>
</kw>
<tags>
<tag>manual</tag>
<tag>Not Executed</tag>
<tag>PRODUCTQA-3151</tag>
</tags>
[...]
<stat pass="0" fail="1">PRODUCTQA-3146</stat>
<stat pass="0" fail="1">PRODUCTQA-3147</stat>
<stat pass="0" fail="1">PRODUCTQA-3148</stat>
<stat pass="0" fail="1">PRODUCTQA-3149</stat>
<stat pass="0" fail="1">PRODUCTQA-3150</stat>
<stat pass="0" fail="1">PRODUCTQA-3151</stat>
<stat pass="0" fail="1">PRODUCTQA-3152</stat>
<stat pass="0" fail="1">PRODUCTQA-3153</stat>
<stat pass="0" fail="1">PRODUCTQA-3154</stat>
<stat pass="0" fail="1">PRODUCTQA-3155</stat>
<stat pass="0" fail="1">PRODUCTQA-3156</stat>
<stat pass="0" fail="1">PRODUCTQA-3157</stat>
<stat pass="0" fail="1">PRODUCTQA-3158</stat>
<stat pass="0" fail="1">PRODUCTQA-3159</stat>
<stat pass="0" fail="1">PRODUCTQA-3160</stat>
<stat pass="0" fail="1">PRODUCTQA-3161</stat>
<stat pass="0" fail="1">PRODUCTQA-3162</stat>
<stat pass="0" fail="1">PRODUCTQA-3163</stat>
<stat pass="0" fail="1">PRODUCTQA-3164</stat>
<stat pass="0" fail="1">PRODUCTQA-3165</stat>
<stat pass="0" fail="1">PRODUCTQA-3166</stat>
<stat pass="0" fail="1">PRODUCTQA-3167</stat>
<stat pass="0" fail="1">PRODUCTQA-3168</stat>
<stat pass="0" fail="1">PRODUCTQA-3169</stat>
<stat pass="0" fail="1">PRODUCTQA-3170</stat>
<stat pass="0" fail="1">PRODUCTQA-3171</stat>
<stat pass="0" fail="1">PRODUCTQA-3172</stat>
<stat pass="0" fail="1">PRODUCTQA-3173</stat>
<stat pass="0" fail="1">PRODUCTQA-3174</stat>
<stat pass="0" fail="1">PRODUCTQA-3175</stat>
<stat pass="0" fail="1">PRODUCTQA-3176</stat>
<stat pass="0" fail="1">PRODUCTQA-3177</stat>
<stat pass="0" fail="1">PRODUCTQA-3178</stat>
<stat pass="0" fail="1">PRODUCTQA-3179</stat>
<stat pass="0" fail="1">PRODUCTQA-3180</stat>
<stat pass="0" fail="1">PRODUCTQA-3181</stat>
<stat pass="0" fail="1">PRODUCTQA-3182</stat>
<stat pass="0" fail="1">PRODUCTQA-3183</stat>
<stat pass="0" fail="1">PRODUCTQA-3184</stat>
<stat pass="0" fail="1">PRODUCTQA-3185</stat>
<stat pass="0" fail="1">PRODUCTQA-3186</stat>
<stat pass="0" fail="1">PRODUCTQA-3187</stat>
<stat pass="0" fail="1">PRODUCTQA-3188</stat>
<stat pass="0" fail="1">PRODUCTQA-3189</stat>
<stat pass="0" fail="1">PRODUCTQA-3190</stat>
<stat pass="0" fail="1">PRODUCTQA-3191</stat>
<stat pass="0" fail="1">PRODUCTQA-3192</stat>
<stat pass="0" fail="1">PRODUCTQA-3193</stat>
<stat pass="0" fail="1">PRODUCTQA-3194</stat>
<stat pass="0" fail="1">PRODUCTQA-3195</stat>
<stat pass="0" fail="1">PRODUCTQA-3196</stat>
<stat pass="0" fail="1">PRODUCTQA-3197</stat>
<stat pass="0" fail="1">PRODUCTQA-3198</stat>
<stat pass="0" fail="1">PRODUCTQA-3199</stat>
<stat pass="0" fail="1">PRODUCTQA-3200</stat>
<stat pass="0" fail="1">PRODUCTQA-3201</stat>
<stat pass="0" fail="1">PRODUCTQA-3202</stat>
<stat pass="0" fail="1">PRODUCTQA-3203</stat>
<stat pass="0" fail="1">PRODUCTQA-3204</stat>
<stat pass="0" fail="1">PRODUCTQA-3205</stat>
<stat pass="0" fail="1">PRODUCTQA-3206</stat>
<stat pass="0" fail="1">PRODUCTQA-3207</stat>
<stat pass="0" fail="1">PRODUCTQA-3208</stat>
<stat pass="0" fail="1">PRODUCTQA-3209</stat>
<stat pass="0" fail="1">PRODUCTQA-3210</stat>
<stat pass="0" fail="1">PRODUCTQA-3211</stat>
<stat pass="0" fail="1">PRODUCTQA-3212</stat>
<stat pass="0" fail="1">PRODUCTQA-3213</stat>
<stat pass="0" fail="1">PRODUCTQA-3214</stat>
<stat pass="0" fail="1">PRODUCTQA-3215</stat>
<stat pass="0" fail="1">PRODUCTQA-3216</stat>
<stat pass="0" fail="1">PRODUCTQA-3217</stat>
<stat pass="0" fail="1">PRODUCTQA-3218</stat>
<stat pass="0" fail="1">PRODUCTQA-3219</stat>
<stat pass="0" fail="1">PRODUCTQA-3220</stat>
<stat pass="0" fail="1">PRODUCTQA-3221</stat>
<stat pass="0" fail="1">PRODUCTQA-3222</stat>
<stat pass="0" fail="1">PRODUCTQA-3223</stat>
<stat pass="0" fail="1">PRODUCTQA-3224</stat>
<stat pass="0" fail="1">PRODUCTQA-3225</stat>
<stat pass="0" fail="1">PRODUCTQA-3226</stat>
<stat pass="0" fail="1">PRODUCTQA-3227</stat>
<stat pass="0" fail="1">PRODUCTQA-3228</stat>
<stat pass="0" fail="1">PRODUCTQA-3229</stat>
<stat pass="0" fail="1">PRODUCTQA-3230</stat>
<stat pass="0" fail="1">PRODUCTQA-3231</stat>
<stat pass="0" fail="1">PRODUCTQA-3232</stat>
<stat pass="0" fail="1">PRODUCTQA-3233</stat>
<stat pass="0" fail="1">PRODUCTQA-3234</stat>
<stat pass="0" fail="1">PRODUCTQA-3235</stat>
<stat pass="0" fail="1">PRODUCTQA-3236</stat>
<stat pass="0" fail="1">PRODUCTQA-3237</stat>
<stat pass="0" fail="1">PRODUCTQA-3238</stat>
<stat pass="0" fail="1">PRODUCTQA-3239</stat>
<stat pass="0" fail="1">PRODUCTQA-3240</stat>
<stat pass="0" fail="1">PRODUCTQA-3241</stat>
<stat pass="0" fail="1">PRODUCTQA-3242</stat>
<stat pass="0" fail="1">PRODUCTQA-3243</stat>
<stat pass="0" fail="1">PRODUCTQA-3244</stat>
<stat pass="0" fail="1">PRODUCTQA-3245</stat>
<stat pass="0" fail="1">PRODUCTQA-3246</stat>
<stat pass="0" fail="1">PRODUCTQA-3247</stat>
<stat pass="0" fail="1">PRODUCTQA-3248</stat>
<stat pass="0" fail="1">PRODUCTQA-3249</stat>
<stat pass="0" fail="1">PRODUCTQA-3250</stat>
<stat pass="0" fail="1">PRODUCTQA-3251</stat>
<stat pass="0" fail="1">PRODUCTQA-3252</stat>
<stat pass="0" fail="1">PRODUCTQA-3253</stat>
<stat pass="0" fail="1">PRODUCTQA-3254</stat>
<stat pass="0" fail="1">PRODUCTQA-3255</stat>
<stat pass="0" fail="1">PRODUCTQA-3256</stat>
<stat pass="0" fail="1">PRODUCTQA-3257</stat>
<stat pass="0" fail="1">PRODUCTQA-3258</stat>
<stat pass="0" fail="1">PRODUCTQA-3259</stat>
<stat pass="0" fail="1">PRODUCTQA-3260</stat>
<stat pass="0" fail="1">PRODUCTQA-3261</stat>
<stat pass="0" fail="1">PRODUCTQA-3262</stat>
<stat pass="0" fail="1">PRODUCTQA-3263</stat>
<stat pass="0" fail="1">PRODUCTQA-3266</stat>
<stat pass="0" fail="1">PRODUCTQA-3267</stat>
<stat pass="0" fail="1">PRODUCTQA-3268</stat>
<stat pass="0" fail="1">PRODUCTQA-3269</stat>
<stat pass="0" fail="1">PRODUCTQA-3270</stat>
<stat pass="0" fail="1">PRODUCTQA-3271</stat>
<stat pass="0" fail="1">PRODUCTQA-3272</stat>
<stat pass="0" fail="1">PRODUCTQA-3273</stat>
<stat pass="0" fail="1">PRODUCTQA-3274</stat>
<stat pass="0" fail="1">PRODUCTQA-3275</stat>
<stat pass="0" fail="1">PRODUCTQA-3276</stat>
<stat pass="0" fail="1">PRODUCTQA-3277</stat>
<stat pass="0" fail="1">PRODUCTQA-3278</stat>
<stat pass="0" fail="1">PRODUCTQA-3279</stat>
<stat pass="0" fail="1">PRODUCTQA-3280</stat>
<stat pass="0" fail="1">PRODUCTQA-3281</stat>
<stat pass="0" fail="1">PRODUCTQA-3282</stat>
<stat pass="0" fail="1">PRODUCTQA-3283</stat>
<stat pass="0" fail="1">PRODUCTQA-3284</stat>
<stat pass="0" fail="1">PRODUCTQA-3285</stat>
<stat pass="0" fail="1">PRODUCTQA-3286</stat>
<stat pass="0" fail="1">PRODUCTQA-3287</stat>
<stat pass="0" fail="1">PRODUCTQA-3288</stat>
<stat pass="0" fail="1">PRODUCTQA-3289</stat>
<stat pass="0" fail="1">PRODUCTQA-3290</stat>
<stat pass="0" fail="1">PRODUCTQA-3291</stat>
<stat pass="0" fail="1">PRODUCTQA-3292</stat>
<stat pass="0" fail="1">PRODUCTQA-3293</stat>
<stat pass="0" fail="1">PRODUCTQA-3294</stat>
<stat pass="0" fail="1">PRODUCTQA-3295</stat>
<stat pass="0" fail="1">PRODUCTQA-3296</stat>
<stat pass="0" fail="1">PRODUCTQA-3297</stat>
<stat pass="0" fail="1">PRODUCTQA-3298</stat>
<stat pass="0" fail="1">PRODUCTQA-3299</stat>
<stat pass="0" fail="1">PRODUCTQA-3300</stat>
<stat pass="0" fail="1">PRODUCTQA-3301</stat>
<stat pass="0" fail="1">PRODUCTQA-3302</stat>
<stat pass="0" fail="1">PRODUCTQA-3303</stat>
<stat pass="0" fail="1">PRODUCTQA-3304</stat>
<stat pass="0" fail="1">PRODUCTQA-3305</stat>
<stat pass="0" fail="1">PRODUCTQA-3306</stat>
<stat pass="0" fail="1">PRODUCTQA-3307</stat>
<stat pass="0" fail="1">PRODUCTQA-3308</stat>
<stat pass="0" fail="1">PRODUCTQA-3309</stat>
<stat pass="0" fail="1">PRODUCTQA-3310</stat>
<stat pass="0" fail="1">PRODUCTQA-3311</stat>
<stat pass="0" fail="1">PRODUCTQA-3312</stat>
<stat pass="0" fail="1">PRODUCTQA-3313</stat>
<stat pass="0" fail="1">PRODUCTQA-3314</stat>
<stat pass="0" fail="1">PRODUCTQA-3315</stat>
<stat pass="0" fail="1">PRODUCTQA-3316</stat>
<stat pass="0" fail="1">PRODUCTQA-3317</stat>
<stat pass="0" fail="1">PRODUCTQA-3318</stat>
<stat pass="0" fail="1">PRODUCTQA-3319</stat>
<stat pass="0" fail="1">PRODUCTQA-3320</stat>
<stat pass="0" fail="1">PRODUCTQA-3321</stat>
<stat pass="0" fail="1">PRODUCTQA-3322</stat>
<stat pass="0" fail="1">PRODUCTQA-3323</stat>
<stat pass="0" fail="1">PRODUCTQA-3324</stat>
<stat pass="0" fail="1">PRODUCTQA-3325</stat>
<stat pass="0" fail="1">PRODUCTQA-3326</stat>
<stat pass="0" fail="1">PRODUCTQA-3327</stat>
<stat pass="0" fail="1">PRODUCTQA-3328</stat>
<stat pass="0" fail="1">PRODUCTQA-3329</stat>
<stat pass="0" fail="1">PRODUCTQA-3330</stat>
<stat pass="0" fail="1">PRODUCTQA-3331</stat>
<stat pass="0" fail="1">PRODUCTQA-3332</stat>
<stat pass="0" fail="1">PRODUCTQA-3333</stat>
<stat pass="0" fail="1">PRODUCTQA-3334</stat>
<stat pass="0" fail="1">PRODUCTQA-3335</stat>
<stat pass="0" fail="1">PRODUCTQA-3336</stat>
<stat pass="0" fail="1">PRODUCTQA-3337</stat>
<stat pass="0" fail="1">PRODUCTQA-3338</stat>
<stat pass="0" fail="1">PRODUCTQA-3339</stat>
<stat pass="0" fail="1">PRODUCTQA-3340</stat>
<stat pass="0" fail="1">PRODUCTQA-3341</stat>
<stat pass="0" fail="1">PRODUCTQA-3342</stat>
<stat pass="0" fail="1">PRODUCTQA-3343</stat>
<stat pass="0" fail="1">PRODUCTQA-3344</stat>
<stat pass="0" fail="1">PRODUCTQA-3345</stat>
<stat pass="0" fail="1">PRODUCTQA-3346</stat>
<stat pass="0" fail="1">PRODUCTQA-3347</stat>
<stat pass="0" fail="1">PRODUCTQA-3348</stat>
<stat pass="0" fail="1">PRODUCTQA-3349</stat>
<stat pass="0" fail="1">PRODUCTQA-3350</stat>
<stat pass="0" fail="1">PRODUCTQA-3351</stat>
<stat pass="0" fail="1">PRODUCTQA-3352</stat>
<stat pass="0" fail="1">PRODUCTQA-3353</stat>
<stat pass="0" fail="1">PRODUCTQA-3354</stat>
<stat pass="0" fail="1">PRODUCTQA-3355</stat>
<stat pass="0" fail="1">PRODUCTQA-3356</stat>
<stat pass="0" fail="1">PRODUCTQA-3357</stat>
<stat pass="0" fail="1">PRODUCTQA-3358</stat>
<stat pass="0" fail="1">PRODUCTQA-3359</stat>
<stat pass="0" fail="1">PRODUCTQA-3360</stat>
<stat pass="0" fail="1">PRODUCTQA-3361</stat>
<stat pass="0" fail="1">PRODUCTQA-3362</stat>
<stat pass="0" fail="1">PRODUCTQA-3363</stat>
<stat pass="0" fail="1">PRODUCTQA-3364</stat>
<stat pass="0" fail="1">PRODUCTQA-3365</stat>
<stat pass="0" fail="1">PRODUCTQA-3366</stat>
<stat pass="0" fail="1">PRODUCTQA-3368</stat>
<stat pass="0" fail="1">PRODUCTQA-3369</stat>
<stat pass="0" fail="1">PRODUCTQA-3370</stat>
<stat pass="0" fail="1">PRODUCTQA-3371</stat>
<stat pass="0" fail="1">PRODUCTQA-3372</stat>
<stat pass="0" fail="1">PRODUCTQA-3373</stat>
<stat pass="0" fail="1">PRODUCTQA-3374</stat>
<stat pass="0" fail="1">PRODUCTQA-3375</stat>
<stat pass="0" fail="1">PRODUCTQA-3376</stat>
<stat pass="0" fail="1">PRODUCTQA-3377</stat>
<stat pass="0" fail="1">PRODUCTQA-3378</stat>
<stat pass="0" fail="1">PRODUCTQA-3379</stat>
<stat pass="0" fail="1">PRODUCTQA-3380</stat>
<stat pass="0" fail="1">PRODUCTQA-3381</stat>
<stat pass="0" fail="1">PRODUCTQA-3382</stat>
<stat pass="0" fail="1">PRODUCTQA-3478</stat>
<stat pass="0" fail="1">PRODUCTQA-3479</stat>
<stat pass="0" fail="1">PRODUCTQA-3480</stat>
<stat pass="0" fail="1">PRODUCTQA-3481</stat>
<stat pass="0" fail="1">PRODUCTQA-3482</stat>
<stat pass="0" fail="1">PRODUCTQA-3483</stat>
<stat pass="0" fail="1">PRODUCTQA-3484</stat>
<stat pass="0" fail="1">PRODUCTQA-3485</stat>
<stat pass="0" fail="1">PRODUCTQA-3486</stat>
<stat pass="0" fail="1">PRODUCTQA-3487</stat>
<stat pass="0" fail="1">PRODUCTQA-3488</stat>
<stat pass="0" fail="1">PRODUCTQA-3489</stat>
<stat pass="0" fail="1">PRODUCTQA-3490</stat>
<stat pass="0" fail="1">PRODUCTQA-3491</stat>
<stat pass="0" fail="1">PRODUCTQA-3492</stat>
<stat pass="0" fail="1">PRODUCTQA-3493</stat>
<stat pass="0" fail="1">PRODUCTQA-3494</stat>
<stat pass="0" fail="1">PRODUCTQA-3495</stat>
<stat pass="0" fail="1">PRODUCTQA-3496</stat>
<stat pass="0" fail="1">PRODUCTQA-3497</stat>
<stat pass="0" fail="1">PRODUCTQA-3498</stat>
<stat pass="0" fail="1">PRODUCTQA-3499</stat>
<stat pass="0" fail="1">PRODUCTQA-3500</stat>
<stat pass="0" fail="1">PRODUCTQA-3501</stat>
<stat pass="0" fail="1">PRODUCTQA-3502</stat>
<stat pass="0" fail="1">PRODUCTQA-3503</stat>
<stat pass="0" fail="1">PRODUCTQA-3504</stat>
<stat pass="0" fail="1">PRODUCTQA-3505</stat>
<stat pass="0" fail="1">PRODUCTQA-3506</stat>
<stat pass="0" fail="1">PRODUCTQA-3507</stat>
<stat pass="0" fail="1">PRODUCTQA-3508</stat>
<stat pass="0" fail="1">PRODUCTQA-3509</stat>
<stat pass="0" fail="1">PRODUCTQA-3510</stat>
<stat pass="0" fail="1">PRODUCTQA-3511</stat>
<stat pass="0" fail="1">PRODUCTQA-3512</stat>
<stat pass="0" fail="1">PRODUCTQA-3548</stat>
<stat pass="0" fail="1">PRODUCTQA-3549</stat>
<stat pass="0" fail="1">PRODUCTQA-3550</stat>
<stat pass="0" fail="1">PRODUCTQA-3551</stat>
<stat pass="0" fail="1">PRODUCTQA-3552</stat>
<stat pass="0" fail="1">PRODUCTQA-3553</stat>
<stat pass="0" fail="1">PRODUCTQA-3554</stat>
<stat pass="0" fail="1">PRODUCTQA-3555</stat>
<stat pass="0" fail="1">PRODUCTQA-3556</stat>
<stat pass="0" fail="1">PRODUCTQA-3557</stat>
<stat pass="0" fail="1">PRODUCTQA-3558</stat>
<stat pass="0" fail="1">PRODUCTQA-3559</stat>
<stat pass="0" fail="1">PRODUCTQA-3560</stat>
<stat pass="0" fail="1">PRODUCTQA-3561</stat>
<stat pass="0" fail="1">PRODUCTQA-3562</stat>
<stat pass="0" fail="1">PRODUCTQA-3563</stat>
<stat pass="0" fail="1">PRODUCTQA-3564</stat>
<stat pass="0" fail="1">PRODUCTQA-3565</stat>
<stat pass="0" fail="1">PRODUCTQA-3566</stat>
<stat pass="0" fail="1">PRODUCTQA-3567</stat>
<stat pass="0" fail="1">PRODUCTQA-3568</stat>
<stat pass="0" fail="1">PRODUCTQA-3569</stat>
<stat pass="0" fail="1">PRODUCTQA-3570</stat>
<stat pass="0" fail="1">PRODUCTQA-3571</stat>
<stat pass="0" fail="1">PRODUCTQA-3572</stat>
<stat pass="0" fail="1">PRODUCTQA-3573</stat>
<stat pass="0" fail="1">PRODUCTQA-3574</stat>
<stat pass="0" fail="1">PRODUCTQA-3575</stat>
<stat pass="0" fail="1">PRODUCTQA-3576</stat>
<stat pass="0" fail="1">PRODUCTQA-3577</stat>
<stat pass="0" fail="1">PRODUCTQA-3578</stat>
<stat pass="0" fail="1">PRODUCTQA-3579</stat>
<stat pass="0" fail="1">PRODUCTQA-3580</stat>
<stat pass="0" fail="1">PRODUCTQA-3581</stat>
<stat pass="0" fail="1">PRODUCTQA-3582</stat>
<stat pass="0" fail="1">PRODUCTQA-3583</stat>
<stat pass="0" fail="1">PRODUCTQA-3584</stat>
<stat pass="0" fail="1">PRODUCTQA-3585</stat>
<stat pass="0" fail="1">PRODUCTQA-3586</stat>
<stat pass="0" fail="1">PRODUCTQA-3587</stat>
<stat pass="0" fail="1">PRODUCTQA-3588</stat>
<stat pass="0" fail="1">PRODUCTQA-3589</stat>
<stat pass="0" fail="1">PRODUCTQA-3590</stat>
<stat pass="0" fail="1">PRODUCTQA-3591</stat>
<stat pass="0" fail="1">PRODUCTQA-3592</stat>
<stat pass="0" fail="1">PRODUCTQA-3593</stat>
<stat pass="0" fail="1">PRODUCTQA-3594</stat>
<stat pass="0" fail="1">PRODUCTQA-3595</stat>
<stat pass="0" fail="1">PRODUCTQA-3596</stat>
<stat pass="0" fail="1">PRODUCTQA-3597</stat>
<stat pass="0" fail="1">PRODUCTQA-3598</stat>
<stat pass="0" fail="1">PRODUCTQA-3599</stat>
<stat pass="0" fail="1">PRODUCTQA-3600</stat>
<stat pass="0" fail="1">PRODUCTQA-3607</stat>
<stat pass="0" fail="1">PRODUCTQA-3608</stat>
<stat pass="0" fail="1">PRODUCTQA-3609</stat>
<stat pass="0" fail="1">PRODUCTQA-3610</stat>
<stat pass="0" fail="1">PRODUCTQA-3611</stat>
<stat pass="0" fail="1">PRODUCTQA-3612</stat>
<stat pass="0" fail="1">PRODUCTQA-3616</stat>
<stat pass="0" fail="1">PRODUCTQA-3623</stat>
<stat pass="0" fail="1">PRODUCTQA-3624</stat>
<stat pass="0" fail="1">PRODUCTQA-3625</stat>
<stat pass="0" fail="1">PRODUCTQA-3626</stat>
<stat pass="0" fail="1">PRODUCTQA-3627</stat>
<stat pass="0" fail="1">PRODUCTQA-3628</stat>
<stat pass="0" fail="1">PRODUCTQA-3629</stat>
</tag>
<suite>
<stat pass="0" fail="367" id="s1" name="Tests">Tests</stat>
<stat pass="0" fail="27" id="s1-s1" name="AutoExtract Sign Up">Tests.AutoExtract Sign Up</stat>
<stat pass="0" fail="24" id="s1-s2" name="Configuration">Tests.Configuration</stat>
<stat pass="0" fail="4" id="s1-s3" name="Crawl existing dataset">Tests.Crawl existing dataset</stat>
<stat pass="0" fail="27" id="s1-s4" name="Crawlera Sign Up">Tests.Crawlera Sign Up</stat>
<stat pass="0" fail="10" id="s1-s5" name="Dataset">Tests.Dataset</stat>
<stat pass="0" fail="6" id="s1-s6" name="Dataset Card">Tests.Dataset Card</stat>
<stat pass="0" fail="35" id="s1-s7" name="First Use">Tests.First Use</stat>
<stat pass="0" fail="1" id="s1-s8" name="First use New dataset form">Tests.First use New dataset form</stat>
<stat pass="0" fail="45" id="s1-s9" name="Left menu">Tests.Left menu</stat>
<stat pass="0" fail="7" id="s1-s10" name="Login">Tests.Login</stat>
<stat pass="0" fail="3" id="s1-s11" name="New datasets">Tests.New datasets</stat>
<stat pass="0" fail="1" id="s1-s12" name="New datsets">Tests.New datsets</stat>
<stat pass="0" fail="1" id="s1-s13" name="On Boarding">Tests.On Boarding</stat>
<stat pass="0" fail="1" id="s1-s14" name="Re-activated account">Tests.Re-activated account</stat>
<stat pass="0" fail="4" id="s1-s15" name="Re-activated Accounts">Tests.Re-activated Accounts</stat>
<stat pass="0" fail="5" id="s1-s16" name="Re-Subscription">Tests.Re-Subscription</stat>
<stat pass="0" fail="6" id="s1-s17" name="Recover password">Tests.Recover password</stat>
<stat pass="0" fail="1" id="s1-s18" name="Scrapy Cloud">Tests.Scrapy Cloud</stat>
<stat pass="0" fail="22" id="s1-s19" name="Sign Up">Tests.Sign Up</stat>
<stat pass="0" fail="1" id="s1-s20" name="Splash">Tests.Splash</stat>
<stat pass="0" fail="29" id="s1-s21" name="Subscription">Tests.Subscription</stat>
<stat pass="0" fail="5" id="s1-s22" name="Suspended account">Tests.Suspended account</stat>
<stat pass="0" fail="4" id="s1-s23" name="Suspended accounts">Tests.Suspended accounts</stat>
<stat pass="0" fail="12" id="s1-s24" name="Top bar">Tests.Top bar</stat>
<stat pass="0" fail="1" id="s1-s25" name="Top menu">Tests.Top menu</stat>
<stat pass="0" fail="85" id="s1-s26" name="Unclassified File">Tests.Unclassified File</stat>
</suite>
</statistics>
<errors>
<msg timestamp="20210114 11:43:14.869" level="WARN">Multiple test cases with name 'First Use: Products Feed URL: Extraction Strategy:' executed in test suite 'Tests.First Use'.</msg>
<msg timestamp="20210114 11:43:14.895" level="WARN">Multiple test cases with name 'First Use: Articles Feed URL: Extraction Strategy:' executed in test suite 'Tests.First Use'.</msg>
<msg timestamp="20210114 11:43:14.932" level="WARN">Multiple test cases with name 'First Use: Articles Feed URL: Requests Limit:' executed in test suite 'Tests.First Use'.</msg>
<msg timestamp="20210114 11:43:14.993" level="WARN">Multiple test cases with name 'First Use: Article Feed URL with no other features -&gt; Dropbox file' executed in test suite 'Tests.First Use'.</msg>
<msg timestamp="20210114 11:43:15.072" level="WARN">Multiple test cases with name 'First Use: Product: Requests Limit:' executed in test suite 'Tests.First Use'.</msg>
<msg timestamp="20210114 11:43:15.091" level="WARN">Multiple test cases with name 'First Use: Product: Extraction Strategy:' executed in test suite 'Tests.First Use'.</msg>
<msg timestamp="20210114 11:43:15.143" level="WARN">Multiple test cases with name 'First Use: Product: Extraction Strategy:' executed in test suite 'Tests.First Use'.</msg>
<msg timestamp="20210114 11:43:15.189" level="WARN">Multiple test cases with name 'First Use: Articles: Requests Limit:' executed in test suite 'Tests.First Use'.</msg>
<msg timestamp="20210114 11:43:15.218" level="WARN">Multiple test cases with name 'First Use: Articles: Extraction Strategy:' executed in test suite 'Tests.First Use'.</msg>
<msg timestamp="20210114 11:43:15.293" level="WARN">Multiple test cases with name 'First Use: Products Feed URL: Requests Limit:' executed in test suite 'Tests.First Use'.</msg>
<msg timestamp="20210114 11:43:17.414" level="WARN">Multiple test cases with name 'Dataset page should be opened by the direct link' executed in test suite 'Tests.Unclassified File'.</msg>
<msg timestamp="20210114 11:43:18.100" level="WARN">Multiple test cases with name 'Suspended Scrapy Cloud subscription after cancellation expired' executed in test suite 'Tests.Unclassified File'.</msg>
</errors>
</robot>
